Using pre-set license
Built from '2020.3/staging' branch; Version is '2020.3.19f1 (68f137dc9bbe) revision 6877495'; Using compiler version '192528614'; Build Type 'Release'
OS: 'Windows 10 Pro; OS build 19044.1706; Version 2009; 64bit' Language: 'tr' Physical Memory: 8109 MB
BatchMode: 1, IsHumanControllingUs: 0, StartBugReporterOnCrash: 0, Is64bit: 1, IsPro: 0

COMMAND LINE ARGUMENTS:
C:\Program Files\Unity\Hub\Editor\2020.3.19f1\Editor\Unity.exe
-adb2
-batchMode
-noUpm
-name
AssetImportWorker18
-projectPath
C:/Users/ugurs/Desktop/OyunAkademisi/Bootcamp/ProductFiles/Team20_Project
-logFile
Logs/AssetImportWorker18.log
-srvPort
63224
Successfully changed project path to: C:/Users/ugurs/Desktop/OyunAkademisi/Bootcamp/ProductFiles/Team20_Project
C:/Users/ugurs/Desktop/OyunAkademisi/Bootcamp/ProductFiles/Team20_Project
Using Asset Import Pipeline V2.
Refreshing native plugins compatible for Editor in 166.47 ms, found 5 plugins.
Preloading 0 native plugins for Editor in 0.00 ms.
Initialize engine version: 2020.3.19f1 (68f137dc9bbe)
[Subsystems] Discovering subsystems at path C:/Program Files/Unity/Hub/Editor/2020.3.19f1/Editor/Data/Resources/UnitySubsystems
[Subsystems] Discovering subsystems at path C:/Users/ugurs/Desktop/OyunAkademisi/Bootcamp/ProductFiles/Team20_Project/Assets
GfxDevice: creating device client; threaded=0
Direct3D:
    Version:  Direct3D 11.0 [level 11.1]
    Renderer: NVIDIA GeForce GTX 1050 (ID=0x1c8d)
    Vendor:   
    VRAM:     1979 MB
    Driver:   30.0.15.1295
Initialize mono
Mono path[0] = 'C:/Program Files/Unity/Hub/Editor/2020.3.19f1/Editor/Data/Managed'
Mono path[1] = 'C:/Program Files/Unity/Hub/Editor/2020.3.19f1/Editor/Data/MonoBleedingEdge/lib/mono/unityjit'
Mono config path = 'C:/Program Files/Unity/Hub/Editor/2020.3.19f1/Editor/Data/MonoBleedingEdge/etc'
Using monoOptions --debugger-agent=transport=dt_socket,embedding=1,server=y,suspend=n,address=127.0.0.1:56504
Begin MonoManager ReloadAssembly
Registering precompiled unity dll's ...
Register platform support module: C:/Program Files/Unity/Hub/Editor/2020.3.19f1/Editor/Data/PlaybackEngines/WindowsStandaloneSupport/UnityEditor.WindowsStandalone.Extensions.dll
Registered in 0.002497 seconds.
Native extension for WindowsStandalone target not found
Refreshing native plugins compatible for Editor in 139.72 ms, found 5 plugins.
Preloading 0 native plugins for Editor in 0.00 ms.
Mono: successfully reloaded assembly
- Completed reload, in  2.792 seconds
Domain Reload Profiling:
	ReloadAssembly (2792ms)
		BeginReloadAssembly (65ms)
			ExecutionOrderSort (0ms)
			DisableScriptedObjects (0ms)
			BackupInstance (0ms)
			ReleaseScriptingObjects (0ms)
			CreateAndSetChildDomain (1ms)
		EndReloadAssembly (598ms)
			LoadAssemblies (63ms)
			RebuildTransferFunctionScriptingTraits (0ms)
			SetupTypeCache (175ms)
			ReleaseScriptCaches (0ms)
			RebuildScriptCaches (38ms)
			SetupLoadedEditorAssemblies (287ms)
				LogAssemblyErrors (0ms)
				InitializePlatformSupportModulesInManaged (4ms)
				SetLoadedEditorAssemblies (0ms)
				RefreshPlugins (140ms)
				BeforeProcessingInitializeOnLoad (15ms)
				ProcessInitializeOnLoadAttributes (93ms)
				ProcessInitializeOnLoadMethodAttributes (35ms)
				AfterProcessingInitializeOnLoad (0ms)
				EditorAssembliesLoaded (0ms)
			ExecutionOrderSort2 (0ms)
			AwakeInstancesAfterBackupRestoration (0ms)
Platform modules already initialized, skipping
Registering precompiled user dll's ...
Registered in 0.017201 seconds.
Begin MonoManager ReloadAssembly
Native extension for WindowsStandalone target not found
Refreshing native plugins compatible for Editor in 135.43 ms, found 5 plugins.
Preloading 0 native plugins for Editor in 0.00 ms.
Mono: successfully reloaded assembly
- Completed reload, in  2.067 seconds
Domain Reload Profiling:
	ReloadAssembly (2068ms)
		BeginReloadAssembly (168ms)
			ExecutionOrderSort (0ms)
			DisableScriptedObjects (5ms)
			BackupInstance (0ms)
			ReleaseScriptingObjects (0ms)
			CreateAndSetChildDomain (21ms)
		EndReloadAssembly (1820ms)
			LoadAssemblies (145ms)
			RebuildTransferFunctionScriptingTraits (0ms)
			SetupTypeCache (471ms)
			ReleaseScriptCaches (1ms)
			RebuildScriptCaches (89ms)
			SetupLoadedEditorAssemblies (928ms)
				LogAssemblyErrors (0ms)
				InitializePlatformSupportModulesInManaged (4ms)
				SetLoadedEditorAssemblies (0ms)
				RefreshPlugins (136ms)
				BeforeProcessingInitializeOnLoad (195ms)
				ProcessInitializeOnLoadAttributes (482ms)
				ProcessInitializeOnLoadMethodAttributes (102ms)
				AfterProcessingInitializeOnLoad (9ms)
				EditorAssembliesLoaded (0ms)
			ExecutionOrderSort2 (0ms)
			AwakeInstancesAfterBackupRestoration (8ms)
Platform modules already initialized, skipping
========================================================================
Worker process is ready to serve import requests
Launched and connected shader compiler UnityShaderCompiler.exe after 0.28 seconds
Refreshing native plugins compatible for Editor in 1.91 ms, found 5 plugins.
Preloading 0 native plugins for Editor in 0.00 ms.
Unloading 5578 Unused Serialized files (Serialized files now loaded: 0)
System memory in use before: 217.7 MB.
System memory in use after: 218.0 MB.

Unloading 123 unused Assets to reduce memory usage. Loaded Objects now: 5927.
Total: 5.240300 ms (FindLiveObjects: 0.534600 ms CreateObjectMapping: 0.404900 ms MarkObjects: 4.122100 ms  DeleteObjects: 0.177500 ms)

AssetImportParameters requested are different than current active one (requested -> active):
  custom:framework-win-MediaFoundation: 216162199b28c13a410421893ffa2e32 -> 
  custom:video-decoder-ogg-theora: a1e56fd34408186e4bbccfd4996cb3dc -> 
  custom:container-muxer-webm: aa71ff27fc2769a1b78a27578f13a17b -> 
  custom:container-demuxer-webm: 4f35f7cbe854078d1ac9338744f61a02 -> 
  custom:container-demuxer-ogg: 62fdf1f143b41e24485cea50d1cbac27 -> 
  custom:video-encoder-webm-vp8: eb34c28f22e8b96e1ab97ce403110664 -> 
  custom:video-decoder-webm-vp8: 9c59270c3fd7afecdb556c50c9e8de78 -> 
  custom:audio-decoder-ogg-vorbis: bf7c407c2cedff20999df2af8eb42d56 -> 
  custom:audio-encoder-webm-vorbis: bf7c407c2cedff20999df2af8eb42d56 -> 
========================================================================
Received Import Request.
  path: Assets/LocationBasedAssets/Scripts/CinemachineCamera/CinemachineYAxis.cs
  artifactKey: Guid(44906860c40858e429cf175cb55b4402) Importer(815301076,1909f56bfc062723c751e8b465ee728b)
Start importing Assets/LocationBasedAssets/Scripts/CinemachineCamera/CinemachineYAxis.cs using Guid(44906860c40858e429cf175cb55b4402) Importer(815301076,1909f56bfc062723c751e8b465ee728b)  -> (artifact id: 'd1ee140449dba52642be043df7300b49') in 1.130559 seconds 
  Import took 1.689735 seconds .

========================================================================
Received Prepare
Registering precompiled user dll's ...
Registered in 8.603702 seconds.
Begin MonoManager ReloadAssembly
Native extension for WindowsStandalone target not found
Refreshing native plugins compatible for Editor in 2.41 ms, found 5 plugins.
Preloading 0 native plugins for Editor in 0.00 ms.
Mono: successfully reloaded assembly
- Completed reload, in 21.444 seconds
Domain Reload Profiling:
	ReloadAssembly (21448ms)
		BeginReloadAssembly (395ms)
			ExecutionOrderSort (0ms)
			DisableScriptedObjects (23ms)
			BackupInstance (0ms)
			ReleaseScriptingObjects (0ms)
			CreateAndSetChildDomain (179ms)
		EndReloadAssembly (20941ms)
			LoadAssemblies (18493ms)
			RebuildTransferFunctionScriptingTraits (0ms)
			SetupTypeCache (634ms)
			ReleaseScriptCaches (2ms)
			RebuildScriptCaches (80ms)
			SetupLoadedEditorAssemblies (1083ms)
				LogAssemblyErrors (0ms)
				InitializePlatformSupportModulesInManaged (9ms)
				SetLoadedEditorAssemblies (1ms)
				RefreshPlugins (3ms)
				BeforeProcessingInitializeOnLoad (314ms)
				ProcessInitializeOnLoadAttributes (580ms)
				ProcessInitializeOnLoadMethodAttributes (167ms)
				AfterProcessingInitializeOnLoad (9ms)
				EditorAssembliesLoaded (0ms)
			ExecutionOrderSort2 (0ms)
			AwakeInstancesAfterBackupRestoration (17ms)
Platform modules already initialized, skipping
Switching build target platform(19) subTarget(0) extendedPlatform(0) -> platform(13) subTarget(589824) extendedPlatform(0)
Refreshing native plugins compatible for Editor in 5.38 ms, found 5 plugins.
Preloading 0 native plugins for Editor in 0.00 ms.
Unloading 5404 Unused Serialized files (Serialized files now loaded: 0)
System memory in use before: 203.6 MB.
System memory in use after: 204.0 MB.

Unloading 112 unused Assets to reduce memory usage. Loaded Objects now: 5930.
Total: 12.626900 ms (FindLiveObjects: 1.674500 ms CreateObjectMapping: 4.523100 ms MarkObjects: 5.873000 ms  DeleteObjects: 0.551400 ms)

AssetImportParameters requested are different than current active one (requested -> active):
  custom:framework-win-MediaFoundation: 216162199b28c13a410421893ffa2e32 -> 
  custom:video-decoder-ogg-theora: a1e56fd34408186e4bbccfd4996cb3dc -> 
  custom:container-muxer-webm: aa71ff27fc2769a1b78a27578f13a17b -> 
  custom:container-demuxer-webm: 4f35f7cbe854078d1ac9338744f61a02 -> 
  custom:container-demuxer-ogg: 62fdf1f143b41e24485cea50d1cbac27 -> 
  custom:video-encoder-webm-vp8: eb34c28f22e8b96e1ab97ce403110664 -> 
  custom:video-decoder-webm-vp8: 9c59270c3fd7afecdb556c50c9e8de78 -> 
  custom:graphics/normal-map-encoding: 01000000000000000000000000000000 -> 02000000000000000000000000000000
  custom:audio-decoder-ogg-vorbis: bf7c407c2cedff20999df2af8eb42d56 -> 
  custom:audio-encoder-webm-vorbis: bf7c407c2cedff20999df2af8eb42d56 -> 
========================================================================
Received Prepare
Registering precompiled user dll's ...
Registered in 3.224863 seconds.
Begin MonoManager ReloadAssembly
Native extension for WindowsStandalone target not found
Refreshing native plugins compatible for Editor in 2.87 ms, found 5 plugins.
Preloading 0 native plugins for Editor in 0.00 ms.
Mono: successfully reloaded assembly
- Completed reload, in  3.742 seconds
Domain Reload Profiling:
	ReloadAssembly (3826ms)
		BeginReloadAssembly (1444ms)
			ExecutionOrderSort (0ms)
			DisableScriptedObjects (86ms)
			BackupInstance (0ms)
			ReleaseScriptingObjects (0ms)
			CreateAndSetChildDomain (932ms)
		EndReloadAssembly (2183ms)
			LoadAssemblies (199ms)
			RebuildTransferFunctionScriptingTraits (0ms)
			SetupTypeCache (967ms)
			ReleaseScriptCaches (2ms)
			RebuildScriptCaches (83ms)
			SetupLoadedEditorAssemblies (618ms)
				LogAssemblyErrors (0ms)
				InitializePlatformSupportModulesInManaged (5ms)
				SetLoadedEditorAssemblies (2ms)
				RefreshPlugins (3ms)
				BeforeProcessingInitializeOnLoad (205ms)
				ProcessInitializeOnLoadAttributes (377ms)
				ProcessInitializeOnLoadMethodAttributes (20ms)
				AfterProcessingInitializeOnLoad (8ms)
				EditorAssembliesLoaded (0ms)
			ExecutionOrderSort2 (0ms)
			AwakeInstancesAfterBackupRestoration (16ms)
Platform modules already initialized, skipping
Switching build target platform(19) subTarget(0) extendedPlatform(0) -> platform(13) subTarget(589824) extendedPlatform(0)
Refreshing native plugins compatible for Editor in 2.37 ms, found 5 plugins.
Preloading 0 native plugins for Editor in 0.00 ms.
Unloading 5421 Unused Serialized files (Serialized files now loaded: 0)
System memory in use before: 205.7 MB.
System memory in use after: 205.5 MB.

Unloading 125 unused Assets to reduce memory usage. Loaded Objects now: 5937.
Total: 11.240800 ms (FindLiveObjects: 1.236300 ms CreateObjectMapping: 0.803000 ms MarkObjects: 8.725100 ms  DeleteObjects: 0.473800 ms)

AssetImportParameters requested are different than current active one (requested -> active):
  custom:framework-win-MediaFoundation: 216162199b28c13a410421893ffa2e32 -> 
  custom:video-decoder-ogg-theora: a1e56fd34408186e4bbccfd4996cb3dc -> 
  custom:container-muxer-webm: aa71ff27fc2769a1b78a27578f13a17b -> 
  custom:container-demuxer-webm: 4f35f7cbe854078d1ac9338744f61a02 -> 
  custom:container-demuxer-ogg: 62fdf1f143b41e24485cea50d1cbac27 -> 
  custom:video-encoder-webm-vp8: eb34c28f22e8b96e1ab97ce403110664 -> 
  custom:video-decoder-webm-vp8: 9c59270c3fd7afecdb556c50c9e8de78 -> 
  custom:graphics/normal-map-encoding: 01000000000000000000000000000000 -> 02000000000000000000000000000000
  custom:audio-decoder-ogg-vorbis: bf7c407c2cedff20999df2af8eb42d56 -> 
  custom:audio-encoder-webm-vorbis: bf7c407c2cedff20999df2af8eb42d56 -> 
========================================================================
Received Import Request.
  Time since last request: 5011.584290 seconds.
  path: Assets/TurnBasedAssets/Prefabs
  artifactKey: Guid(6a7e8c151a0110149a3e42dc0edbbe1b) Importer(815301076,1909f56bfc062723c751e8b465ee728b)
Start importing Assets/TurnBasedAssets/Prefabs using Guid(6a7e8c151a0110149a3e42dc0edbbe1b) Importer(815301076,1909f56bfc062723c751e8b465ee728b)  -> (artifact id: 'c9627533531b4fa4c80ef3a792bc3212') in 0.245940 seconds 
  Import took 0.515786 seconds .

========================================================================
Received Import Request.
  Time since last request: 1.850412 seconds.
  path: Assets/TurnBasedAssets/Scenes/World.unity
  artifactKey: Guid(2ace1b6d44ebfea4bb9960064a00ff00) Importer(815301076,1909f56bfc062723c751e8b465ee728b)
Start importing Assets/TurnBasedAssets/Scenes/World.unity using Guid(2ace1b6d44ebfea4bb9960064a00ff00) Importer(815301076,1909f56bfc062723c751e8b465ee728b)  -> (artifact id: '98764cb937e35c9a2906680d592f1a84') in 0.210313 seconds 
  Import took 0.222192 seconds .

========================================================================
Received Import Request.
  Time since last request: 145.930150 seconds.
  path: Assets/TurnBasedAssets/TextMesh Pro
  artifactKey: Guid(f54d1bd14bd3ca042bd867b519fee8cc) Importer(815301076,1909f56bfc062723c751e8b465ee728b)
Start importing Assets/TurnBasedAssets/TextMesh Pro using Guid(f54d1bd14bd3ca042bd867b519fee8cc) Importer(815301076,1909f56bfc062723c751e8b465ee728b)  -> (artifact id: '16b4cbde9565bf190136f1148817e1ea') in 0.103680 seconds 
  Import took 0.132610 seconds .

========================================================================
Received Import Request.
  Time since last request: 1.978822 seconds.
  path: Assets/TurnBasedAssets/Scenes/BattleScene.unity
  artifactKey: Guid(9fc0d4010bbf28b4594072e72b8655ab) Importer(815301076,1909f56bfc062723c751e8b465ee728b)
Start importing Assets/TurnBasedAssets/Scenes/BattleScene.unity using Guid(9fc0d4010bbf28b4594072e72b8655ab) Importer(815301076,1909f56bfc062723c751e8b465ee728b)  -> (artifact id: '9dc5f6130cade055504f6d93f75fd8e4') in 0.014553 seconds 
  Import took 0.060285 seconds .

========================================================================
Received Prepare
Registering precompiled user dll's ...
Registered in 0.574796 seconds.
Begin MonoManager ReloadAssembly
Native extension for WindowsStandalone target not found
Refreshing native plugins compatible for Editor in 2.00 ms, found 5 plugins.
Preloading 0 native plugins for Editor in 0.00 ms.
Mono: successfully reloaded assembly
- Completed reload, in  2.290 seconds
Domain Reload Profiling:
	ReloadAssembly (2291ms)
		BeginReloadAssembly (341ms)
			ExecutionOrderSort (0ms)
			DisableScriptedObjects (10ms)
			BackupInstance (0ms)
			ReleaseScriptingObjects (0ms)
			CreateAndSetChildDomain (89ms)
		EndReloadAssembly (1864ms)
			LoadAssemblies (160ms)
			RebuildTransferFunctionScriptingTraits (0ms)
			SetupTypeCache (691ms)
			ReleaseScriptCaches (2ms)
			RebuildScriptCaches (71ms)
			SetupLoadedEditorAssemblies (615ms)
				LogAssemblyErrors (0ms)
				InitializePlatformSupportModulesInManaged (5ms)
				SetLoadedEditorAssemblies (1ms)
				RefreshPlugins (2ms)
				BeforeProcessingInitializeOnLoad (207ms)
				ProcessInitializeOnLoadAttributes (373ms)
				ProcessInitializeOnLoadMethodAttributes (20ms)
				AfterProcessingInitializeOnLoad (7ms)
				EditorAssembliesLoaded (0ms)
			ExecutionOrderSort2 (0ms)
			AwakeInstancesAfterBackupRestoration (15ms)
Platform modules already initialized, skipping
Switching build target platform(19) subTarget(0) extendedPlatform(0) -> platform(13) subTarget(589824) extendedPlatform(0)
Refreshing native plugins compatible for Editor in 2.52 ms, found 5 plugins.
Preloading 0 native plugins for Editor in 0.00 ms.
Unloading 5421 Unused Serialized files (Serialized files now loaded: 0)
System memory in use before: 205.8 MB.
System memory in use after: 205.5 MB.

Unloading 125 unused Assets to reduce memory usage. Loaded Objects now: 5940.
Total: 5.943100 ms (FindLiveObjects: 0.688100 ms CreateObjectMapping: 0.438400 ms MarkObjects: 4.326100 ms  DeleteObjects: 0.488600 ms)

AssetImportParameters requested are different than current active one (requested -> active):
  custom:framework-win-MediaFoundation: 216162199b28c13a410421893ffa2e32 -> 
  custom:video-decoder-ogg-theora: a1e56fd34408186e4bbccfd4996cb3dc -> 
  custom:container-muxer-webm: aa71ff27fc2769a1b78a27578f13a17b -> 
  custom:container-demuxer-webm: 4f35f7cbe854078d1ac9338744f61a02 -> 
  custom:container-demuxer-ogg: 62fdf1f143b41e24485cea50d1cbac27 -> 
  custom:video-encoder-webm-vp8: eb34c28f22e8b96e1ab97ce403110664 -> 
  custom:video-decoder-webm-vp8: 9c59270c3fd7afecdb556c50c9e8de78 -> 
  custom:graphics/normal-map-encoding: 01000000000000000000000000000000 -> 02000000000000000000000000000000
  custom:audio-decoder-ogg-vorbis: bf7c407c2cedff20999df2af8eb42d56 -> 
  custom:audio-encoder-webm-vorbis: bf7c407c2cedff20999df2af8eb42d56 -> 
========================================================================
Received Import Request.
  Time since last request: 589.193340 seconds.
  path: Assets/TurnBasedAssets/Materials
  artifactKey: Guid(ffe160487ab546f4b99c74758c2877fd) Importer(815301076,1909f56bfc062723c751e8b465ee728b)
Start importing Assets/TurnBasedAssets/Materials using Guid(ffe160487ab546f4b99c74758c2877fd) Importer(815301076,1909f56bfc062723c751e8b465ee728b)  -> (artifact id: '14c61f24d774627046f301fd980bc104') in 0.021608 seconds 
  Import took 0.061148 seconds .

========================================================================
Received Import Request.
  Time since last request: 0.000270 seconds.
  path: Assets/TurnBasedAssets/Materials/Blue.mat
  artifactKey: Guid(36f9b644c08af134f9860e725623dcc7) Importer(815301076,1909f56bfc062723c751e8b465ee728b)
Start importing Assets/TurnBasedAssets/Materials/Blue.mat using Guid(36f9b644c08af134f9860e725623dcc7) Importer(815301076,1909f56bfc062723c751e8b465ee728b)  -> (artifact id: '520c2c4df0b24a289202f2ae08f7137e') in 2.670614 seconds 
  Import took 2.689998 seconds .

========================================================================
Received Import Request.
  Time since last request: 0.000320 seconds.
  path: Assets/TurnBasedAssets/Materials/Green.mat
  artifactKey: Guid(38b49cca3fcefda49a6169f04f5d7c12) Importer(815301076,1909f56bfc062723c751e8b465ee728b)
Start importing Assets/TurnBasedAssets/Materials/Green.mat using Guid(38b49cca3fcefda49a6169f04f5d7c12) Importer(815301076,1909f56bfc062723c751e8b465ee728b)  -> (artifact id: '3520ccb9cf362250f4e198cc58f2a501') in 0.085632 seconds 
  Import took 0.134355 seconds .

========================================================================
Received Import Request.
  Time since last request: 0.000300 seconds.
  path: Assets/TurnBasedAssets/Materials/Brown.mat
  artifactKey: Guid(e09b0c0b2fd26134b88bf027cedf8a6f) Importer(815301076,1909f56bfc062723c751e8b465ee728b)
Start importing Assets/TurnBasedAssets/Materials/Brown.mat using Guid(e09b0c0b2fd26134b88bf027cedf8a6f) Importer(815301076,1909f56bfc062723c751e8b465ee728b)  -> (artifact id: '1fbd175a25d745f9954f06ec483cd89b') in 0.041036 seconds 
  Import took 0.077271 seconds .

========================================================================
Received Import Request.
  Time since last request: 0.000300 seconds.
  path: Assets/TurnBasedAssets/Materials/Transparent Red.mat
  artifactKey: Guid(00b246b08ed91404298fd2cc914e2145) Importer(815301076,1909f56bfc062723c751e8b465ee728b)
Start importing Assets/TurnBasedAssets/Materials/Transparent Red.mat using Guid(00b246b08ed91404298fd2cc914e2145) Importer(815301076,1909f56bfc062723c751e8b465ee728b)  -> (artifact id: '1550d70a595f4c3d6c691678fe2fac4b') in 1.132548 seconds 
  Import took 1.170264 seconds .

========================================================================
Received Import Request.
  Time since last request: 0.000323 seconds.
  path: Assets/TurnBasedAssets/Materials/Yellow.mat
  artifactKey: Guid(fe831f8f65120b14c9b2312ebf0c1252) Importer(815301076,1909f56bfc062723c751e8b465ee728b)
Start importing Assets/TurnBasedAssets/Materials/Yellow.mat using Guid(fe831f8f65120b14c9b2312ebf0c1252) Importer(815301076,1909f56bfc062723c751e8b465ee728b)  -> (artifact id: '669ee465cce653d4a0d520088deeddd9') in 0.022581 seconds 
  Import took 0.068590 seconds .

========================================================================
Received Import Request.
  Time since last request: 0.000287 seconds.
  path: Assets/TurnBasedAssets/Materials/Red.mat
  artifactKey: Guid(c9eb3424585bc944bb22ab69f415feeb) Importer(815301076,1909f56bfc062723c751e8b465ee728b)
Start importing Assets/TurnBasedAssets/Materials/Red.mat using Guid(c9eb3424585bc944bb22ab69f415feeb) Importer(815301076,1909f56bfc062723c751e8b465ee728b)  -> (artifact id: '379527f488103f76912085536a1a4a6f') in 0.027330 seconds 
  Import took 0.047837 seconds .

========================================================================
Received Import Request.
  Time since last request: 57.882173 seconds.
  path: Assets/LocationBasedAssets/Scenes/LocationPrototype.unity
  artifactKey: Guid(0649b272d1071124a854b9992f1cf198) Importer(815301076,1909f56bfc062723c751e8b465ee728b)
Start importing Assets/LocationBasedAssets/Scenes/LocationPrototype.unity using Guid(0649b272d1071124a854b9992f1cf198) Importer(815301076,1909f56bfc062723c751e8b465ee728b)  -> (artifact id: 'a59330a18d6fe34ebca9597e5c9be9fc') in 0.010224 seconds 
  Import took 0.046096 seconds .

========================================================================
Received Import Request.
  Time since last request: 12.743889 seconds.
  path: Assets/TurnBasedAssets/Prefabs/GameManager.prefab
  artifactKey: Guid(15434c61cd78c714fbca1d480c858ed0) Importer(815301076,1909f56bfc062723c751e8b465ee728b)
Start importing Assets/TurnBasedAssets/Prefabs/GameManager.prefab using Guid(15434c61cd78c714fbca1d480c858ed0) Importer(815301076,1909f56bfc062723c751e8b465ee728b)  -> (artifact id: 'f343f7f573663c89fb7957a2eac8754c') in 0.223368 seconds 
  Import took 0.308365 seconds .

========================================================================
Received Import Request.
  Time since last request: 0.000297 seconds.
  path: Assets/TurnBasedAssets/Prefabs/Selector.prefab
  artifactKey: Guid(a80f9555e9003c04aa7c2dbcfe06e52e) Importer(815301076,1909f56bfc062723c751e8b465ee728b)
Start importing Assets/TurnBasedAssets/Prefabs/Selector.prefab using Guid(a80f9555e9003c04aa7c2dbcfe06e52e) Importer(815301076,1909f56bfc062723c751e8b465ee728b)  -> (artifact id: '2658e173c0489f1c9895e831e14ca513') in 0.147778 seconds 
  Import took 0.229612 seconds .

========================================================================
Received Import Request.
  Time since last request: 0.000316 seconds.
  path: Assets/TurnBasedAssets/Prefabs/HeroChar.prefab
  artifactKey: Guid(63a3c715d17bca1419c7541e5671db70) Importer(815301076,1909f56bfc062723c751e8b465ee728b)
Start importing Assets/TurnBasedAssets/Prefabs/HeroChar.prefab using Guid(63a3c715d17bca1419c7541e5671db70) Importer(815301076,1909f56bfc062723c751e8b465ee728b)  -> (artifact id: '97505b1fb6e0287aca9d233563ab568f') in 0.254307 seconds 
  Import took 0.265273 seconds .

========================================================================
Received Import Request.
  Time since last request: 0.000302 seconds.
  path: Assets/TurnBasedAssets/Prefabs/Town.prefab
  artifactKey: Guid(96fe21c34be8e0441aeabebf6bd8e1e4) Importer(815301076,1909f56bfc062723c751e8b465ee728b)
Start importing Assets/TurnBasedAssets/Prefabs/Town.prefab using Guid(96fe21c34be8e0441aeabebf6bd8e1e4) Importer(815301076,1909f56bfc062723c751e8b465ee728b)  -> (artifact id: '443c0a523068cd47168d37c6f93482c1') in 0.048956 seconds 
  Import took 0.086310 seconds .

========================================================================
Received Import Request.
  Time since last request: 30.707375 seconds.
  path: Assets/TurnBasedAssets/Prefabs/HeroChar.prefab
  artifactKey: Guid(63a3c715d17bca1419c7541e5671db70) Importer(815301076,1909f56bfc062723c751e8b465ee728b)
Start importing Assets/TurnBasedAssets/Prefabs/HeroChar.prefab using Guid(63a3c715d17bca1419c7541e5671db70) Importer(815301076,1909f56bfc062723c751e8b465ee728b)  -> (artifact id: 'e5ceba7792c67b1e778926d6e4dea8c5') in 0.022456 seconds 
  Import took 0.062878 seconds .

========================================================================
Received Import Request.
  Time since last request: 23.502337 seconds.
  path: Assets/TurnBasedAssets/Prefabs/Town.prefab
  artifactKey: Guid(96fe21c34be8e0441aeabebf6bd8e1e4) Importer(815301076,1909f56bfc062723c751e8b465ee728b)
Start importing Assets/TurnBasedAssets/Prefabs/Town.prefab using Guid(96fe21c34be8e0441aeabebf6bd8e1e4) Importer(815301076,1909f56bfc062723c751e8b465ee728b)  -> (artifact id: 'b8cba987c5c0de78361ab53f073fd1a3') in 0.041169 seconds 
  Import took 0.176645 seconds .

========================================================================
Received Import Request.
  Time since last request: 27.232296 seconds.
  path: Assets/TurnBasedAssets/Scenes/BattleScene.unity
  artifactKey: Guid(9fc0d4010bbf28b4594072e72b8655ab) Importer(815301076,1909f56bfc062723c751e8b465ee728b)
Start importing Assets/TurnBasedAssets/Scenes/BattleScene.unity using Guid(9fc0d4010bbf28b4594072e72b8655ab) Importer(815301076,1909f56bfc062723c751e8b465ee728b)  -> (artifact id: 'cfbc3f7fcf9b685ac45eb8f3dfd7e456') in 0.011139 seconds 
  Import took 0.082484 seconds .

========================================================================
Received Import Request.
  Time since last request: 55.243955 seconds.
  path: Assets/LocationBasedAssets/Prefabs
  artifactKey: Guid(eeed846f636a840468878ba329367726) Importer(815301076,1909f56bfc062723c751e8b465ee728b)
Start importing Assets/LocationBasedAssets/Prefabs using Guid(eeed846f636a840468878ba329367726) Importer(815301076,1909f56bfc062723c751e8b465ee728b)  -> (artifact id: '9b0133277dc30f025fc66203688038a3') in 0.020628 seconds 
  Import took 0.118172 seconds .

========================================================================
Received Import Request.
  Time since last request: 0.000307 seconds.
  path: Assets/LocationBasedAssets/Prefabs/Park Points.asset
  artifactKey: Guid(7e32e9b5fb90e5447a5fee55e995861e) Importer(815301076,1909f56bfc062723c751e8b465ee728b)
Start importing Assets/LocationBasedAssets/Prefabs/Park Points.asset using Guid(7e32e9b5fb90e5447a5fee55e995861e) Importer(815301076,1909f56bfc062723c751e8b465ee728b)  -> (artifact id: 'fb685b4dd0c069564a7c28f7032f5b11') in 0.051937 seconds 
  Import took 0.078236 seconds .

========================================================================
Received Import Request.
  Time since last request: 0.000282 seconds.
  path: Assets/LocationBasedAssets/Prefabs/safehouse.prefab
  artifactKey: Guid(b163773a9382c6749bd8649304efda27) Importer(815301076,1909f56bfc062723c751e8b465ee728b)
Start importing Assets/LocationBasedAssets/Prefabs/safehouse.prefab using Guid(b163773a9382c6749bd8649304efda27) Importer(815301076,1909f56bfc062723c751e8b465ee728b)  -> (artifact id: 'a6d1d09deff8bafac667372d61763a62') in 0.029485 seconds 
  Import took 0.139336 seconds .

========================================================================
Received Import Request.
  Time since last request: 0.000329 seconds.
  path: Assets/LocationBasedAssets/Prefabs/locationitem.prefab
  artifactKey: Guid(1a8b82f303bac354ab45ca89526a107c) Importer(815301076,1909f56bfc062723c751e8b465ee728b)
Start importing Assets/LocationBasedAssets/Prefabs/locationitem.prefab using Guid(1a8b82f303bac354ab45ca89526a107c) Importer(815301076,1909f56bfc062723c751e8b465ee728b)  -> (artifact id: 'c964d883f3c89dc0f2f64dd496aaa4b3') in 0.026935 seconds 
  Import took 0.097782 seconds .

========================================================================
Received Import Request.
  Time since last request: 13.134145 seconds.
  path: Assets/TurnBasedAssets/Prefabs/HeroChar.prefab
  artifactKey: Guid(63a3c715d17bca1419c7541e5671db70) Importer(815301076,1909f56bfc062723c751e8b465ee728b)
Start importing Assets/TurnBasedAssets/Prefabs/HeroChar.prefab using Guid(63a3c715d17bca1419c7541e5671db70) Importer(815301076,1909f56bfc062723c751e8b465ee728b)  -> (artifact id: '31b39c318d487b2990ffabd8c30a2b64') in 0.018325 seconds 
  Import took 0.970053 seconds .

========================================================================
Received Import Request.
  Time since last request: 1.186158 seconds.
  path: Assets/TurnBasedAssets/Prefabs/Regions
  artifactKey: Guid(03850c04c4e8c1e4db88d4060a51bb6e) Importer(815301076,1909f56bfc062723c751e8b465ee728b)
Start importing Assets/TurnBasedAssets/Prefabs/Regions using Guid(03850c04c4e8c1e4db88d4060a51bb6e) Importer(815301076,1909f56bfc062723c751e8b465ee728b)  -> (artifact id: 'ee81a67a8e3755f00708ff8ccbc3f6eb') in 0.013569 seconds 
  Import took 0.164845 seconds .

========================================================================
Received Import Request.
  Time since last request: 0.000327 seconds.
  path: Assets/TurnBasedAssets/Prefabs/Regions/EncounterRegion1.prefab
  artifactKey: Guid(f35d049b2056a174299969d8b908e2e0) Importer(815301076,1909f56bfc062723c751e8b465ee728b)
Start importing Assets/TurnBasedAssets/Prefabs/Regions/EncounterRegion1.prefab using Guid(f35d049b2056a174299969d8b908e2e0) Importer(815301076,1909f56bfc062723c751e8b465ee728b)  -> (artifact id: 'acb5fcb4088a10546030c8f47823dfea') in 0.397311 seconds 
  Import took 0.437008 seconds .

========================================================================
Received Import Request.
  Time since last request: 0.000261 seconds.
  path: Assets/TurnBasedAssets/Prefabs/Regions/EncounterRegion2.prefab
  artifactKey: Guid(ec67c3139df634849bee4649098b8605) Importer(815301076,1909f56bfc062723c751e8b465ee728b)
Start importing Assets/TurnBasedAssets/Prefabs/Regions/EncounterRegion2.prefab using Guid(ec67c3139df634849bee4649098b8605) Importer(815301076,1909f56bfc062723c751e8b465ee728b)  -> (artifact id: '442f0b1e044b6358235cf566dbd2430e') in 0.100244 seconds 
  Import took 0.111723 seconds .

========================================================================
Received Import Request.
  Time since last request: 57.705686 seconds.
  path: Assets/LocationBasedAssets/Utility/Mapbox/Examples/3_POIPlacement/Resources/ArtsPoiLabelPrefab.prefab
  artifactKey: Guid(29d1abf5ba6514d81a7974353f130ca8) Importer(815301076,1909f56bfc062723c751e8b465ee728b)
Start importing Assets/LocationBasedAssets/Utility/Mapbox/Examples/3_POIPlacement/Resources/ArtsPoiLabelPrefab.prefab using Guid(29d1abf5ba6514d81a7974353f130ca8) Importer(815301076,1909f56bfc062723c751e8b465ee728b)  -> (artifact id: '37aa4383f78cab69059d90ed97cb65aa') in 0.960249 seconds 
  Import took 0.972573 seconds .

========================================================================
Received Import Request.
  Time since last request: 0.000263 seconds.
  path: Assets/TurnBasedAssets/Prefabs/BasePrefabs/Base Enemy.prefab
  artifactKey: Guid(83450d36b93193144a456805b34f5297) Importer(815301076,1909f56bfc062723c751e8b465ee728b)
Start importing Assets/TurnBasedAssets/Prefabs/BasePrefabs/Base Enemy.prefab using Guid(83450d36b93193144a456805b34f5297) Importer(815301076,1909f56bfc062723c751e8b465ee728b)  -> (artifact id: '7f852a4520a077be95dc3aaddaed9eb4') in 0.019208 seconds 
  Import took 0.089659 seconds .

========================================================================
Received Import Request.
  Time since last request: 0.000328 seconds.
  path: Assets/LocationBasedAssets/Utility/Mapbox/Resources/HeroStructures/Prefabs/CoitTower.prefab
  artifactKey: Guid(2cb306508c053344ea5fbc519cdcff79) Importer(815301076,1909f56bfc062723c751e8b465ee728b)
Start importing Assets/LocationBasedAssets/Utility/Mapbox/Resources/HeroStructures/Prefabs/CoitTower.prefab using Guid(2cb306508c053344ea5fbc519cdcff79) Importer(815301076,1909f56bfc062723c751e8b465ee728b)  -> (artifact id: 'a83864ef11dcdcaa91432cce1a5b31cc') in 0.158116 seconds 
  Import took 0.213186 seconds .

========================================================================
Received Import Request.
  Time since last request: 0.000330 seconds.
  path: Assets/LocationBasedAssets/Utility/Mapbox/Examples/8_VoxelMap/Models/Ground Green.fbx
  artifactKey: Guid(f044a37d78cf7b644b51493e41665e3e) Importer(815301076,1909f56bfc062723c751e8b465ee728b)
Start importing Assets/LocationBasedAssets/Utility/Mapbox/Examples/8_VoxelMap/Models/Ground Green.fbx using Guid(f044a37d78cf7b644b51493e41665e3e) Importer(815301076,1909f56bfc062723c751e8b465ee728b)  -> (artifact id: '3323c025027c3f072c52b53a402cec9d') in 1.404387 seconds 
  Import took 1.437766 seconds .

========================================================================
Received Import Request.
  Time since last request: 0.000319 seconds.
  path: Assets/LocationBasedAssets/Utility/Mapbox/Examples/Resources/BuildingWallSlice.prefab
  artifactKey: Guid(89250ee3e89eb154696df0625b55305b) Importer(815301076,1909f56bfc062723c751e8b465ee728b)
Start importing Assets/LocationBasedAssets/Utility/Mapbox/Examples/Resources/BuildingWallSlice.prefab using Guid(89250ee3e89eb154696df0625b55305b) Importer(815301076,1909f56bfc062723c751e8b465ee728b)  -> (artifact id: '3e3d32a66a7e8c9819b299f52ff13926') in 0.025100 seconds 
  Import took 0.070421 seconds .

========================================================================
Received Import Request.
  Time since last request: 0.000304 seconds.
  path: Assets/LocationBasedAssets/Utility/Mapbox/Examples/8_VoxelMap/Prefabs/Voxels/Grass.prefab
  artifactKey: Guid(be188b8431533497f81342f748507523) Importer(815301076,1909f56bfc062723c751e8b465ee728b)
Start importing Assets/LocationBasedAssets/Utility/Mapbox/Examples/8_VoxelMap/Prefabs/Voxels/Grass.prefab using Guid(be188b8431533497f81342f748507523) Importer(815301076,1909f56bfc062723c751e8b465ee728b)  -> (artifact id: '218b6aec980ea12b3cfaa60da197499c') in 0.959916 seconds 
  Import took 0.982065 seconds .

========================================================================
Received Import Request.
  Time since last request: 0.000287 seconds.
  path: Assets/LocationBasedAssets/Utility/Mapbox/Examples/Resources/Bush2.prefab
  artifactKey: Guid(e161657d9f870459abb03b980a14de8a) Importer(815301076,1909f56bfc062723c751e8b465ee728b)
Start importing Assets/LocationBasedAssets/Utility/Mapbox/Examples/Resources/Bush2.prefab using Guid(e161657d9f870459abb03b980a14de8a) Importer(815301076,1909f56bfc062723c751e8b465ee728b)  -> (artifact id: '74d268b2bccb4372ae102c95ef2a2e1a') in 0.465304 seconds 
  Import took 0.492930 seconds .

========================================================================
Received Import Request.
  Time since last request: 0.000261 seconds.
  path: Assets/LocationBasedAssets/Utility/Mapbox/Examples/Prefabs/InfoCanvas.prefab
  artifactKey: Guid(98be219873e6d4dffb5949746f515a33) Importer(815301076,1909f56bfc062723c751e8b465ee728b)
Start importing Assets/LocationBasedAssets/Utility/Mapbox/Examples/Prefabs/InfoCanvas.prefab using Guid(98be219873e6d4dffb5949746f515a33) Importer(815301076,1909f56bfc062723c751e8b465ee728b)  -> (artifact id: 'e1d08bc3ac4a5ce11c767b0d353f9449') in 0.062354 seconds 
  Import took 0.095014 seconds .

========================================================================
Received Import Request.
  Time since last request: 0.000246 seconds.
  path: Assets/LocationBasedAssets/Utility/Mapbox/Examples/Resources/MakiPrefab.prefab
  artifactKey: Guid(39c06c41287c07843b78097666be5c58) Importer(815301076,1909f56bfc062723c751e8b465ee728b)
Start importing Assets/LocationBasedAssets/Utility/Mapbox/Examples/Resources/MakiPrefab.prefab using Guid(39c06c41287c07843b78097666be5c58) Importer(815301076,1909f56bfc062723c751e8b465ee728b)  -> (artifact id: '2fe7cc6583ba56a8dc8db2fe5f285ae4') in 0.021173 seconds 
  Import took 0.059895 seconds .

========================================================================
Received Import Request.
  Time since last request: 0.000218 seconds.
  path: Assets/LocationBasedAssets/Utility/Mapbox/Prefabs/IconicBuildingMap.prefab
  artifactKey: Guid(4cd0111f17b6043cf817880e3fd57cd1) Importer(815301076,1909f56bfc062723c751e8b465ee728b)
Start importing Assets/LocationBasedAssets/Utility/Mapbox/Prefabs/IconicBuildingMap.prefab using Guid(4cd0111f17b6043cf817880e3fd57cd1) Importer(815301076,1909f56bfc062723c751e8b465ee728b)  -> (artifact id: 'b194570f152c4e621860f0d8d6bd5962') in 0.685007 seconds 
  Import took 0.733324 seconds .

========================================================================
Received Import Request.
  Time since last request: 0.000325 seconds.
  path: Assets/LocationBasedAssets/Utility/Mapbox/Examples/1_DataExplorer/Traffic/DirectionSlice.prefab
  artifactKey: Guid(10bc3919f3bb2d5498f03226ee189f43) Importer(815301076,1909f56bfc062723c751e8b465ee728b)
Start importing Assets/LocationBasedAssets/Utility/Mapbox/Examples/1_DataExplorer/Traffic/DirectionSlice.prefab using Guid(10bc3919f3bb2d5498f03226ee189f43) Importer(815301076,1909f56bfc062723c751e8b465ee728b)  -> (artifact id: '7f60cc99a1a0a46ff7fa66b9f554ca59') in 0.037662 seconds 
  Import took 0.051310 seconds .

========================================================================
Received Import Request.
  Time since last request: 0.000319 seconds.
  path: Assets/LocationBasedAssets/Utility/Mapbox/Examples/8_VoxelMap/Models/Grey Stone.fbx
  artifactKey: Guid(404993c0c6290ef43b250b48c5f0ba42) Importer(815301076,1909f56bfc062723c751e8b465ee728b)
Start importing Assets/LocationBasedAssets/Utility/Mapbox/Examples/8_VoxelMap/Models/Grey Stone.fbx using Guid(404993c0c6290ef43b250b48c5f0ba42) Importer(815301076,1909f56bfc062723c751e8b465ee728b)  -> (artifact id: 'afb5497e42c21a0924f5dc068ed01a62') in 0.067972 seconds 
  Import took 0.100902 seconds .

========================================================================
Received Import Request.
  Time since last request: 0.000239 seconds.
  path: Assets/LocationBasedAssets/Utility/Mapbox/Examples/8_VoxelMap/Models/Ground Brown.fbx
  artifactKey: Guid(0ca31141bde710143a449036d1d50e78) Importer(815301076,1909f56bfc062723c751e8b465ee728b)
Start importing Assets/LocationBasedAssets/Utility/Mapbox/Examples/8_VoxelMap/Models/Ground Brown.fbx using Guid(0ca31141bde710143a449036d1d50e78) Importer(815301076,1909f56bfc062723c751e8b465ee728b)  -> (artifact id: '5bf206b8c79eedafe402c290a99589b9') in 0.061360 seconds 
  Import took 0.123970 seconds .

========================================================================
Received Import Request.
  Time since last request: 0.000385 seconds.
  path: Assets/LocationBasedAssets/Utility/Mapbox/Examples/2_AstronautGame/AstronautGame/Park/cone.FBX
  artifactKey: Guid(6645c679635ea0446a3fa13bd1aa0ed3) Importer(815301076,1909f56bfc062723c751e8b465ee728b)
Start importing Assets/LocationBasedAssets/Utility/Mapbox/Examples/2_AstronautGame/AstronautGame/Park/cone.FBX using Guid(6645c679635ea0446a3fa13bd1aa0ed3) Importer(815301076,1909f56bfc062723c751e8b465ee728b)  -> (artifact id: '26d4a8140d99a8001ae34f303a3b7915') in 0.097173 seconds 
  Import took 0.126696 seconds .

========================================================================
Received Import Request.
  Time since last request: 0.000201 seconds.
  path: Assets/LocationBasedAssets/Utility/Mapbox/Examples/4_ReplaceFeatures/Prefabs/Building Pivot.prefab
  artifactKey: Guid(c71927789464440f59ea08b68c2f1073) Importer(815301076,1909f56bfc062723c751e8b465ee728b)
Start importing Assets/LocationBasedAssets/Utility/Mapbox/Examples/4_ReplaceFeatures/Prefabs/Building Pivot.prefab using Guid(c71927789464440f59ea08b68c2f1073) Importer(815301076,1909f56bfc062723c751e8b465ee728b)  -> (artifact id: 'df46e3750eabf0b9cf5a75edfd8d1656') in 0.159935 seconds 
  Import took 0.220042 seconds .

========================================================================
Received Import Request.
  Time since last request: 0.000327 seconds.
  path: Assets/LocationBasedAssets/Utility/Mapbox/Prefabs/Attribution.prefab
  artifactKey: Guid(3adcee2515f8c49f4a7afb3bacf2c56e) Importer(815301076,1909f56bfc062723c751e8b465ee728b)
Start importing Assets/LocationBasedAssets/Utility/Mapbox/Prefabs/Attribution.prefab using Guid(3adcee2515f8c49f4a7afb3bacf2c56e) Importer(815301076,1909f56bfc062723c751e8b465ee728b)  -> (artifact id: 'b8db6532dfaf319f45995d3f01e7a1bf') in 0.277097 seconds 
  Import took 0.290085 seconds .

========================================================================
Received Import Request.
  Time since last request: 0.000301 seconds.
  path: Assets/LocationBasedAssets/Utility/Mapbox/Examples/Prefabs/CustomMarkerPrefab.prefab
  artifactKey: Guid(9b5b1b761a8994c07affd0a05396633b) Importer(815301076,1909f56bfc062723c751e8b465ee728b)
Start importing Assets/LocationBasedAssets/Utility/Mapbox/Examples/Prefabs/CustomMarkerPrefab.prefab using Guid(9b5b1b761a8994c07affd0a05396633b) Importer(815301076,1909f56bfc062723c751e8b465ee728b)  -> (artifact id: 'a6fd3450d0b125b4e1a63a11f8625dee') in 0.083946 seconds 
  Import took 0.103781 seconds .

========================================================================
Received Import Request.
  Time since last request: 0.000262 seconds.
  path: Assets/LocationBasedAssets/Utility/Mapbox/Examples/Prefabs/LoadingScreenCanvas.prefab
  artifactKey: Guid(b95c449128f3b44bca8b83258c669aa5) Importer(815301076,1909f56bfc062723c751e8b465ee728b)
Start importing Assets/LocationBasedAssets/Utility/Mapbox/Examples/Prefabs/LoadingScreenCanvas.prefab using Guid(b95c449128f3b44bca8b83258c669aa5) Importer(815301076,1909f56bfc062723c751e8b465ee728b)  -> (artifact id: '26bd4a5c87778d59c9b05e97b0c56369') in 0.068813 seconds 
  Import took 0.081249 seconds .

========================================================================
Received Import Request.
  Time since last request: 0.000334 seconds.
  path: Assets/TurnBasedAssets/Prefabs/Abilities/Melee/HammerSwingAbility.prefab
  artifactKey: Guid(cbc5870368a603a4299450b8ebe18f99) Importer(815301076,1909f56bfc062723c751e8b465ee728b)
Start importing Assets/TurnBasedAssets/Prefabs/Abilities/Melee/HammerSwingAbility.prefab using Guid(cbc5870368a603a4299450b8ebe18f99) Importer(815301076,1909f56bfc062723c751e8b465ee728b)  -> (artifact id: 'a8afc551d582671e3734a122570f8c33') in 0.016243 seconds 
  Import took 0.050296 seconds .

========================================================================
Received Import Request.
  Time since last request: 0.000269 seconds.
  path: Assets/TurnBasedAssets/Prefabs/GUI/MagicButton.prefab
  artifactKey: Guid(13eec4509f2a0b9419317e2c8dd260bf) Importer(815301076,1909f56bfc062723c751e8b465ee728b)
Start importing Assets/TurnBasedAssets/Prefabs/GUI/MagicButton.prefab using Guid(13eec4509f2a0b9419317e2c8dd260bf) Importer(815301076,1909f56bfc062723c751e8b465ee728b)  -> (artifact id: 'ae6fa3d9f78f8c9aa05a9f4905138f91') in 0.069818 seconds 
  Import took 0.106231 seconds .

========================================================================
Received Import Request.
  Time since last request: 0.000236 seconds.
  path: Assets/LocationBasedAssets/Utility/Mapbox/Examples/2_AstronautGame/AstronautGame/Astronaut/MapboxAstronaut.prefab
  artifactKey: Guid(b4281c0219e45624e855839527bdc6f1) Importer(815301076,1909f56bfc062723c751e8b465ee728b)
Start importing Assets/LocationBasedAssets/Utility/Mapbox/Examples/2_AstronautGame/AstronautGame/Astronaut/MapboxAstronaut.prefab using Guid(b4281c0219e45624e855839527bdc6f1) Importer(815301076,1909f56bfc062723c751e8b465ee728b)  -> (artifact id: '21c4a1bc64173f5e77f9bcc5d678e8c9') in 1.755564 seconds 
  Import took 1.775107 seconds .

========================================================================
Received Import Request.
  Time since last request: 0.000232 seconds.
  path: Assets/LocationBasedAssets/Utility/Mapbox/Prefabs/CitySimulatorMap.prefab
  artifactKey: Guid(5bb46bae81bf04608ac699be504c5e66) Importer(815301076,1909f56bfc062723c751e8b465ee728b)
Start importing Assets/LocationBasedAssets/Utility/Mapbox/Prefabs/CitySimulatorMap.prefab using Guid(5bb46bae81bf04608ac699be504c5e66) Importer(815301076,1909f56bfc062723c751e8b465ee728b)  -> (artifact id: 'c2bb09711c1e1cee2240fd50e0d2338f') in 0.057528 seconds 
  Import took 0.114103 seconds .

========================================================================
Received Import Request.
  Time since last request: 0.000332 seconds.
  path: Assets/LocationBasedAssets/Utility/Mapbox/Examples/8_VoxelMap/Prefabs/Voxels/Ground.prefab
  artifactKey: Guid(86204e4d8182e47fba9a34b82fba90b5) Importer(815301076,1909f56bfc062723c751e8b465ee728b)
Start importing Assets/LocationBasedAssets/Utility/Mapbox/Examples/8_VoxelMap/Prefabs/Voxels/Ground.prefab using Guid(86204e4d8182e47fba9a34b82fba90b5) Importer(815301076,1909f56bfc062723c751e8b465ee728b)  -> (artifact id: 'a11415d627fe8399c0a436dbc4f5ed1d') in 0.044034 seconds 
  Import took 0.102112 seconds .

========================================================================
Received Import Request.
  Time since last request: 0.000275 seconds.
  path: Assets/LocationBasedAssets/Prefabs/locationitem.prefab
  artifactKey: Guid(1a8b82f303bac354ab45ca89526a107c) Importer(815301076,1909f56bfc062723c751e8b465ee728b)
Start importing Assets/LocationBasedAssets/Prefabs/locationitem.prefab using Guid(1a8b82f303bac354ab45ca89526a107c) Importer(815301076,1909f56bfc062723c751e8b465ee728b)  -> (artifact id: '886e44ed365fa0394f6df97c64e15090') in 0.018939 seconds 
  Import took 0.088623 seconds .

========================================================================
Received Import Request.
  Time since last request: 0.000311 seconds.
  path: Assets/LocationBasedAssets/Utility/Mapbox/Examples/Resources/Bush.prefab
  artifactKey: Guid(3a36803f92a1f4fb98a10f9d00e184bc) Importer(815301076,1909f56bfc062723c751e8b465ee728b)
Start importing Assets/LocationBasedAssets/Utility/Mapbox/Examples/Resources/Bush.prefab using Guid(3a36803f92a1f4fb98a10f9d00e184bc) Importer(815301076,1909f56bfc062723c751e8b465ee728b)  -> (artifact id: 'd81ceec0b7c1c6985ecb6dba9cd1089e') in 0.200629 seconds 
  Import took 0.353323 seconds .

========================================================================
Received Import Request.
  Time since last request: 0.000342 seconds.
  path: Assets/LocationBasedAssets/Utility/Mapbox/Examples/3_POIPlacement/Resources/FoodPoiLabelPrefab.prefab
  artifactKey: Guid(fafbd32423ea04e379d8321b4d370fea) Importer(815301076,1909f56bfc062723c751e8b465ee728b)
Start importing Assets/LocationBasedAssets/Utility/Mapbox/Examples/3_POIPlacement/Resources/FoodPoiLabelPrefab.prefab using Guid(fafbd32423ea04e379d8321b4d370fea) Importer(815301076,1909f56bfc062723c751e8b465ee728b)  -> (artifact id: '31aa9706f10164e2232d8a8e7109940c') in 0.231986 seconds 
  Import took 0.243609 seconds .

========================================================================
Received Import Request.
  Time since last request: 0.000279 seconds.
  path: Assets/LocationBasedAssets/Utility/Mapbox/Examples/2_AstronautGame/AstronautGame/Park/cone.prefab
  artifactKey: Guid(96a250c7c7df44d4ba4f55de10638fed) Importer(815301076,1909f56bfc062723c751e8b465ee728b)
Start importing Assets/LocationBasedAssets/Utility/Mapbox/Examples/2_AstronautGame/AstronautGame/Park/cone.prefab using Guid(96a250c7c7df44d4ba4f55de10638fed) Importer(815301076,1909f56bfc062723c751e8b465ee728b)  -> (artifact id: '218d57e5b479113905d7aae1c0526336') in 0.067553 seconds 
  Import took 0.081451 seconds .

========================================================================
Received Import Request.
  Time since last request: 0.000226 seconds.
  path: Assets/TurnBasedAssets/Prefabs/BasePrefabs/Base Hero.prefab
  artifactKey: Guid(c6a897a61884b4e4c9b2f7f8818f7385) Importer(815301076,1909f56bfc062723c751e8b465ee728b)
Start importing Assets/TurnBasedAssets/Prefabs/BasePrefabs/Base Hero.prefab using Guid(c6a897a61884b4e4c9b2f7f8818f7385) Importer(815301076,1909f56bfc062723c751e8b465ee728b)  -> (artifact id: '1c7f2a0795c8cbc9a632a36827570314') in 0.052597 seconds 
  Import took 0.088798 seconds .

========================================================================
Received Import Request.
  Time since last request: 0.000244 seconds.
  path: Assets/LocationBasedAssets/Utility/Mapbox/Prefabs/Map.prefab
  artifactKey: Guid(e6b749c6d877f4c19a5a5c3c0783d53b) Importer(815301076,1909f56bfc062723c751e8b465ee728b)
Start importing Assets/LocationBasedAssets/Utility/Mapbox/Prefabs/Map.prefab using Guid(e6b749c6d877f4c19a5a5c3c0783d53b) Importer(815301076,1909f56bfc062723c751e8b465ee728b)  -> (artifact id: 'f050088b83215fe7976e1b11e4179dbf') in 0.044639 seconds 
  Import took 0.059287 seconds .

========================================================================
Received Import Request.
  Time since last request: 0.000273 seconds.
  path: Assets/LocationBasedAssets/Utility/Mapbox/Resources/HeroStructures/Prefabs/EmpireStateBuilding.prefab
  artifactKey: Guid(f845fd35405547d4ca0a433a01c502c4) Importer(815301076,1909f56bfc062723c751e8b465ee728b)
Start importing Assets/LocationBasedAssets/Utility/Mapbox/Resources/HeroStructures/Prefabs/EmpireStateBuilding.prefab using Guid(f845fd35405547d4ca0a433a01c502c4) Importer(815301076,1909f56bfc062723c751e8b465ee728b)  -> (artifact id: 'cffb25bdf0a2319cf9dcf15132159096') in 0.026077 seconds 
  Import took 0.040404 seconds .

========================================================================
Received Import Request.
  Time since last request: 0.000262 seconds.
  path: Assets/LocationBasedAssets/Utility/Mapbox/Examples/8_VoxelMap/Prefabs/Voxels/Bricks.prefab
  artifactKey: Guid(031f1f201bbba400eab296024929dff9) Importer(815301076,1909f56bfc062723c751e8b465ee728b)
Start importing Assets/LocationBasedAssets/Utility/Mapbox/Examples/8_VoxelMap/Prefabs/Voxels/Bricks.prefab using Guid(031f1f201bbba400eab296024929dff9) Importer(815301076,1909f56bfc062723c751e8b465ee728b)  -> (artifact id: '4c9a6df140152cbd21fa11bea99ceb46') in 0.100634 seconds 
  Import took 0.550418 seconds .

========================================================================
Received Import Request.
  Time since last request: 0.000299 seconds.
  path: Assets/TurnBasedAssets/Prefabs/AllEnemies/Enemy 1 Variant.prefab
  artifactKey: Guid(c90c613c2cf59374890e58083018a39d) Importer(815301076,1909f56bfc062723c751e8b465ee728b)
Start importing Assets/TurnBasedAssets/Prefabs/AllEnemies/Enemy 1 Variant.prefab using Guid(c90c613c2cf59374890e58083018a39d) Importer(815301076,1909f56bfc062723c751e8b465ee728b)  -> (artifact id: '92c1c513c639b8f95d70a2dd1072ab50') in 0.050714 seconds 
  Import took 0.143380 seconds .

========================================================================
Received Import Request.
  Time since last request: 0.000322 seconds.
  path: Assets/LocationBasedAssets/Utility/Mapbox/Prefabs/LocationProviderFactory.prefab
  artifactKey: Guid(fa49ad38da3e540fca722d2ca9e1d026) Importer(815301076,1909f56bfc062723c751e8b465ee728b)
Start importing Assets/LocationBasedAssets/Utility/Mapbox/Prefabs/LocationProviderFactory.prefab using Guid(fa49ad38da3e540fca722d2ca9e1d026) Importer(815301076,1909f56bfc062723c751e8b465ee728b)  -> (artifact id: '098f39aa657de08ca79cbb2ff0c1c663') in 0.020206 seconds 
  Import took 0.087367 seconds .

========================================================================
Received Import Request.
  Time since last request: 0.000306 seconds.
  path: Assets/TurnBasedAssets/Prefabs/AllEnemies/Enemy 2 Variant.prefab
  artifactKey: Guid(ebab7c17eb6f46e40a24551b778dad46) Importer(815301076,1909f56bfc062723c751e8b465ee728b)
Start importing Assets/TurnBasedAssets/Prefabs/AllEnemies/Enemy 2 Variant.prefab using Guid(ebab7c17eb6f46e40a24551b778dad46) Importer(815301076,1909f56bfc062723c751e8b465ee728b)  -> (artifact id: '4f0d01c0461a4b31bbdb9be5948c3761') in 0.031484 seconds 
  Import took 0.131184 seconds .

========================================================================
Received Import Request.
  Time since last request: 0.000326 seconds.
  path: Assets/LocationBasedAssets/Utility/Mapbox/Examples/8_VoxelMap/Models/Bricks.fbx
  artifactKey: Guid(bf56275b600ba1a4d8dcba935a7b9988) Importer(815301076,1909f56bfc062723c751e8b465ee728b)
Start importing Assets/LocationBasedAssets/Utility/Mapbox/Examples/8_VoxelMap/Models/Bricks.fbx using Guid(bf56275b600ba1a4d8dcba935a7b9988) Importer(815301076,1909f56bfc062723c751e8b465ee728b)  -> (artifact id: 'f0ab6b6ccd87b90ada370b189ada44d5') in 0.028124 seconds 
  Import took 0.043198 seconds .

========================================================================
Received Import Request.
  Time since last request: 0.000324 seconds.
  path: Assets/LocationBasedAssets/Utility/Mapbox/Examples/Prefabs/ForwardGeocoderCanvas.prefab
  artifactKey: Guid(be407b770a1444c32b66d2c4ecd7331c) Importer(815301076,1909f56bfc062723c751e8b465ee728b)
Start importing Assets/LocationBasedAssets/Utility/Mapbox/Examples/Prefabs/ForwardGeocoderCanvas.prefab using Guid(be407b770a1444c32b66d2c4ecd7331c) Importer(815301076,1909f56bfc062723c751e8b465ee728b)  -> (artifact id: '2167e69bb5cee4e036511c0a0086898c') in 0.122949 seconds 
  Import took 0.157041 seconds .

========================================================================
Received Import Request.
  Time since last request: 0.000344 seconds.
  path: Assets/LocationBasedAssets/Utility/Mapbox/Examples/8_VoxelMap/Prefabs/Voxels/Bush.prefab
  artifactKey: Guid(6bab41b00b822431298c5d57404b84ce) Importer(815301076,1909f56bfc062723c751e8b465ee728b)
Start importing Assets/LocationBasedAssets/Utility/Mapbox/Examples/8_VoxelMap/Prefabs/Voxels/Bush.prefab using Guid(6bab41b00b822431298c5d57404b84ce) Importer(815301076,1909f56bfc062723c751e8b465ee728b)  -> (artifact id: 'e3cb095d46033f7d4e93aac657ce7ec3') in 0.075363 seconds 
  Import took 0.110557 seconds .

========================================================================
Received Import Request.
  Time since last request: 0.000324 seconds.
  path: Assets/LocationBasedAssets/Utility/Mapbox/Examples/8_VoxelMap/Models/Bush.fbx
  artifactKey: Guid(1786fd9efa6de9347b96fc8cfd796f27) Importer(815301076,1909f56bfc062723c751e8b465ee728b)
Start importing Assets/LocationBasedAssets/Utility/Mapbox/Examples/8_VoxelMap/Models/Bush.fbx using Guid(1786fd9efa6de9347b96fc8cfd796f27) Importer(815301076,1909f56bfc062723c751e8b465ee728b)  -> (artifact id: '8eb4490e4b4b1d20f30f9741ad06dd45') in 0.025915 seconds 
  Import took 0.063210 seconds .

========================================================================
Received Import Request.
  Time since last request: 0.000303 seconds.
  path: Assets/LocationBasedAssets/Utility/Mapbox/Prefabs/LocationBasedGame.prefab
  artifactKey: Guid(35ce2bb4caba9434db5e656796b632b1) Importer(815301076,1909f56bfc062723c751e8b465ee728b)
Start importing Assets/LocationBasedAssets/Utility/Mapbox/Prefabs/LocationBasedGame.prefab using Guid(35ce2bb4caba9434db5e656796b632b1) Importer(815301076,1909f56bfc062723c751e8b465ee728b)  -> (artifact id: 'fba9c1f785eaf98e3f5bcfae15ae1c49') in 0.384461 seconds 
  Import took 0.411487 seconds .

========================================================================
Received Import Request.
  Time since last request: 0.000284 seconds.
  path: Assets/TurnBasedAssets/Prefabs/Abilities/Magic/Fire1.prefab
  artifactKey: Guid(8baf8ba01dc456341866101a3685de0b) Importer(815301076,1909f56bfc062723c751e8b465ee728b)
Start importing Assets/TurnBasedAssets/Prefabs/Abilities/Magic/Fire1.prefab using Guid(8baf8ba01dc456341866101a3685de0b) Importer(815301076,1909f56bfc062723c751e8b465ee728b)  -> (artifact id: '2001ab19ebdf1bca824fc4e7a658080f') in 0.016391 seconds 
  Import took 0.046009 seconds .

========================================================================
Received Import Request.
  Time since last request: 0.000297 seconds.
  path: Assets/LocationBasedAssets/Utility/Mapbox/Examples/3_POIPlacement/Resources/DefaultPoiLabelPrefab.prefab
  artifactKey: Guid(d748e6a0b26334f4d933c1438339484d) Importer(815301076,1909f56bfc062723c751e8b465ee728b)
Start importing Assets/LocationBasedAssets/Utility/Mapbox/Examples/3_POIPlacement/Resources/DefaultPoiLabelPrefab.prefab using Guid(d748e6a0b26334f4d933c1438339484d) Importer(815301076,1909f56bfc062723c751e8b465ee728b)  -> (artifact id: '3802f1c069e3cb2fac2ccb6a4d9cda9a') in 0.086537 seconds 
  Import took 0.096795 seconds .

========================================================================
Received Import Request.
  Time since last request: 0.000273 seconds.
  path: Assets/LocationBasedAssets/Utility/Mapbox/Examples/Prefabs/ExampleDirectionsQuery.prefab
  artifactKey: Guid(6c8a0b62ddd604e678d6081484a0c73b) Importer(815301076,1909f56bfc062723c751e8b465ee728b)
Start importing Assets/LocationBasedAssets/Utility/Mapbox/Examples/Prefabs/ExampleDirectionsQuery.prefab using Guid(6c8a0b62ddd604e678d6081484a0c73b) Importer(815301076,1909f56bfc062723c751e8b465ee728b)  -> (artifact id: '36eaa7e8721ad999c79cafb2665ee155') in 0.151670 seconds 
  Import took 0.175716 seconds .

========================================================================
Received Import Request.
  Time since last request: 0.000266 seconds.
  path: Assets/LocationBasedAssets/Utility/Mapbox/Resources/HeroStructures/Prefabs/ChryslerBuilding.prefab
  artifactKey: Guid(aedce91c327268742b81a28f40485857) Importer(815301076,1909f56bfc062723c751e8b465ee728b)
Start importing Assets/LocationBasedAssets/Utility/Mapbox/Resources/HeroStructures/Prefabs/ChryslerBuilding.prefab using Guid(aedce91c327268742b81a28f40485857) Importer(815301076,1909f56bfc062723c751e8b465ee728b)  -> (artifact id: '50ebfde364a11ad80766c6d410c64469') in 0.032806 seconds 
  Import took 0.107033 seconds .

========================================================================
Received Import Request.
  Time since last request: 0.000322 seconds.
  path: Assets/TurnBasedAssets/Prefabs/GUI/HeroBar.prefab
  artifactKey: Guid(a6518c37dee00f6419c332c94876b68c) Importer(815301076,1909f56bfc062723c751e8b465ee728b)
Start importing Assets/TurnBasedAssets/Prefabs/GUI/HeroBar.prefab using Guid(a6518c37dee00f6419c332c94876b68c) Importer(815301076,1909f56bfc062723c751e8b465ee728b)  -> (artifact id: '103483afe2315cf2f5f9e7f010cec199') in 0.048035 seconds 
  Import took 0.071391 seconds .

========================================================================
Received Import Request.
  Time since last request: 0.000238 seconds.
  path: Assets/LocationBasedAssets/Utility/Mapbox/Examples/4_ReplaceFeatures/Models/Building.fbx
  artifactKey: Guid(2141b6d18b38b426a9b2f49077af7bc1) Importer(815301076,1909f56bfc062723c751e8b465ee728b)
Start importing Assets/LocationBasedAssets/Utility/Mapbox/Examples/4_ReplaceFeatures/Models/Building.fbx using Guid(2141b6d18b38b426a9b2f49077af7bc1) Importer(815301076,1909f56bfc062723c751e8b465ee728b)  -> (artifact id: 'eefae1e6776ffcf1429cd7f0f4109031') in 0.051132 seconds 
  Import took 0.066212 seconds .

========================================================================
Received Import Request.
  Time since last request: 0.000253 seconds.
  path: Assets/LocationBasedAssets/Utility/Mapbox/Examples/1_DataExplorer/Modules/Resources/LabelPrefab.prefab
  artifactKey: Guid(0940fff5996150e4cb6c1f69c781a29a) Importer(815301076,1909f56bfc062723c751e8b465ee728b)
Start importing Assets/LocationBasedAssets/Utility/Mapbox/Examples/1_DataExplorer/Modules/Resources/LabelPrefab.prefab using Guid(0940fff5996150e4cb6c1f69c781a29a) Importer(815301076,1909f56bfc062723c751e8b465ee728b)  -> (artifact id: 'e50b49dfc552a006bfa00ef746ecd45c') in 0.017272 seconds 
  Import took 0.059185 seconds .

========================================================================
Received Import Request.
  Time since last request: 0.000283 seconds.
  path: Assets/LocationBasedAssets/Utility/Mapbox/Examples/Resources/MakiUiPrefab.prefab
  artifactKey: Guid(4e3a8050aac992649b0cb2bc0e9be702) Importer(815301076,1909f56bfc062723c751e8b465ee728b)
Start importing Assets/LocationBasedAssets/Utility/Mapbox/Examples/Resources/MakiUiPrefab.prefab using Guid(4e3a8050aac992649b0cb2bc0e9be702) Importer(815301076,1909f56bfc062723c751e8b465ee728b)  -> (artifact id: 'bf52e67de8c0bfa0927abda05c1ae7fb') in 0.082390 seconds 
  Import took 0.094110 seconds .

========================================================================
Received Import Request.
  Time since last request: 9.631591 seconds.
  path: Assets/LocationBasedAssets/Prefabs/locationitem.prefab
  artifactKey: Guid(1a8b82f303bac354ab45ca89526a107c) Importer(815301076,1909f56bfc062723c751e8b465ee728b)
Start importing Assets/LocationBasedAssets/Prefabs/locationitem.prefab using Guid(1a8b82f303bac354ab45ca89526a107c) Importer(815301076,1909f56bfc062723c751e8b465ee728b)  -> (artifact id: '476e786409fe5ca35461d2b736a8326a') in 0.020498 seconds 
  Import took 0.058674 seconds .

========================================================================
Received Import Request.
  Time since last request: 62.069657 seconds.
  path: Assets/LocationBasedAssets/Prefabs/locationitem.prefab
  artifactKey: Guid(1a8b82f303bac354ab45ca89526a107c) Importer(815301076,1909f56bfc062723c751e8b465ee728b)
Start importing Assets/LocationBasedAssets/Prefabs/locationitem.prefab using Guid(1a8b82f303bac354ab45ca89526a107c) Importer(815301076,1909f56bfc062723c751e8b465ee728b)  -> (artifact id: '29ec62c46edeee3c723fbe807eaac40a') in 0.044170 seconds 
  Import took 1.001658 seconds .

========================================================================
Received Prepare
Registering precompiled user dll's ...
Registered in 0.558692 seconds.
Begin MonoManager ReloadAssembly
Native extension for WindowsStandalone target not found
Refreshing native plugins compatible for Editor in 2.45 ms, found 5 plugins.
Preloading 0 native plugins for Editor in 0.00 ms.
Mono: successfully reloaded assembly
- Completed reload, in  9.689 seconds
Domain Reload Profiling:
	ReloadAssembly (9690ms)
		BeginReloadAssembly (1272ms)
			ExecutionOrderSort (0ms)
			DisableScriptedObjects (10ms)
			BackupInstance (0ms)
			ReleaseScriptingObjects (0ms)
			CreateAndSetChildDomain (811ms)
		EndReloadAssembly (8340ms)
			LoadAssemblies (529ms)
			RebuildTransferFunctionScriptingTraits (0ms)
			SetupTypeCache (465ms)
			ReleaseScriptCaches (2ms)
			RebuildScriptCaches (62ms)
			SetupLoadedEditorAssemblies (966ms)
				LogAssemblyErrors (0ms)
				InitializePlatformSupportModulesInManaged (6ms)
				SetLoadedEditorAssemblies (1ms)
				RefreshPlugins (3ms)
				BeforeProcessingInitializeOnLoad (318ms)
				ProcessInitializeOnLoadAttributes (613ms)
				ProcessInitializeOnLoadMethodAttributes (18ms)
				AfterProcessingInitializeOnLoad (8ms)
				EditorAssembliesLoaded (0ms)
			ExecutionOrderSort2 (0ms)
			AwakeInstancesAfterBackupRestoration (18ms)
Platform modules already initialized, skipping
Switching build target platform(19) subTarget(0) extendedPlatform(0) -> platform(13) subTarget(589824) extendedPlatform(0)
Refreshing native plugins compatible for Editor in 2.40 ms, found 5 plugins.
Preloading 0 native plugins for Editor in 0.00 ms.
Unloading 5421 Unused Serialized files (Serialized files now loaded: 0)
System memory in use before: 225.6 MB.
System memory in use after: 225.3 MB.

Unloading 130 unused Assets to reduce memory usage. Loaded Objects now: 6030.
Total: 6.334700 ms (FindLiveObjects: 0.645700 ms CreateObjectMapping: 0.414000 ms MarkObjects: 4.815600 ms  DeleteObjects: 0.457500 ms)

AssetImportParameters requested are different than current active one (requested -> active):
  custom:framework-win-MediaFoundation: 216162199b28c13a410421893ffa2e32 -> 
  custom:video-decoder-ogg-theora: a1e56fd34408186e4bbccfd4996cb3dc -> 
  custom:container-muxer-webm: aa71ff27fc2769a1b78a27578f13a17b -> 
  custom:container-demuxer-webm: 4f35f7cbe854078d1ac9338744f61a02 -> 
  custom:container-demuxer-ogg: 62fdf1f143b41e24485cea50d1cbac27 -> 
  custom:video-encoder-webm-vp8: eb34c28f22e8b96e1ab97ce403110664 -> 
  custom:video-decoder-webm-vp8: 9c59270c3fd7afecdb556c50c9e8de78 -> 
  custom:graphics/normal-map-encoding: 01000000000000000000000000000000 -> 02000000000000000000000000000000
  custom:audio-decoder-ogg-vorbis: bf7c407c2cedff20999df2af8eb42d56 -> 
  custom:audio-encoder-webm-vorbis: bf7c407c2cedff20999df2af8eb42d56 -> 
========================================================================
Received Prepare
Registering precompiled user dll's ...
Registered in 0.482717 seconds.
Begin MonoManager ReloadAssembly
Native extension for WindowsStandalone target not found
Refreshing native plugins compatible for Editor in 1.89 ms, found 5 plugins.
Preloading 0 native plugins for Editor in 0.00 ms.
Mono: successfully reloaded assembly
- Completed reload, in  2.457 seconds
Domain Reload Profiling:
	ReloadAssembly (2458ms)
		BeginReloadAssembly (157ms)
			ExecutionOrderSort (0ms)
			DisableScriptedObjects (7ms)
			BackupInstance (0ms)
			ReleaseScriptingObjects (0ms)
			CreateAndSetChildDomain (51ms)
		EndReloadAssembly (2217ms)
			LoadAssemblies (143ms)
			RebuildTransferFunctionScriptingTraits (0ms)
			SetupTypeCache (478ms)
			ReleaseScriptCaches (2ms)
			RebuildScriptCaches (68ms)
			SetupLoadedEditorAssemblies (1277ms)
				LogAssemblyErrors (0ms)
				InitializePlatformSupportModulesInManaged (4ms)
				SetLoadedEditorAssemblies (1ms)
				RefreshPlugins (2ms)
				BeforeProcessingInitializeOnLoad (190ms)
				ProcessInitializeOnLoadAttributes (1052ms)
				ProcessInitializeOnLoadMethodAttributes (19ms)
				AfterProcessingInitializeOnLoad (8ms)
				EditorAssembliesLoaded (1ms)
			ExecutionOrderSort2 (0ms)
			AwakeInstancesAfterBackupRestoration (22ms)
Platform modules already initialized, skipping
Switching build target platform(19) subTarget(0) extendedPlatform(0) -> platform(13) subTarget(589824) extendedPlatform(0)
Refreshing native plugins compatible for Editor in 1.95 ms, found 5 plugins.
Preloading 0 native plugins for Editor in 0.00 ms.
Unloading 5421 Unused Serialized files (Serialized files now loaded: 0)
System memory in use before: 225.4 MB.
System memory in use after: 225.1 MB.

Unloading 125 unused Assets to reduce memory usage. Loaded Objects now: 6033.
Total: 8.503800 ms (FindLiveObjects: 2.273200 ms CreateObjectMapping: 0.893900 ms MarkObjects: 4.812900 ms  DeleteObjects: 0.521900 ms)

AssetImportParameters requested are different than current active one (requested -> active):
  custom:framework-win-MediaFoundation: 216162199b28c13a410421893ffa2e32 -> 
  custom:video-decoder-ogg-theora: a1e56fd34408186e4bbccfd4996cb3dc -> 
  custom:container-muxer-webm: aa71ff27fc2769a1b78a27578f13a17b -> 
  custom:container-demuxer-webm: 4f35f7cbe854078d1ac9338744f61a02 -> 
  custom:container-demuxer-ogg: 62fdf1f143b41e24485cea50d1cbac27 -> 
  custom:video-encoder-webm-vp8: eb34c28f22e8b96e1ab97ce403110664 -> 
  custom:video-decoder-webm-vp8: 9c59270c3fd7afecdb556c50c9e8de78 -> 
  custom:graphics/normal-map-encoding: 01000000000000000000000000000000 -> 02000000000000000000000000000000
  custom:audio-decoder-ogg-vorbis: bf7c407c2cedff20999df2af8eb42d56 -> 
  custom:audio-encoder-webm-vorbis: bf7c407c2cedff20999df2af8eb42d56 -> 
========================================================================
Received Import Request.
  Time since last request: 693.319771 seconds.
  path: Assets/LocationBasedAssets/Utility/Mapbox/Resources/MapboxPin.prefab
  artifactKey: Guid(748e2c1db1257594bb438fbb7bd185f0) Importer(815301076,1909f56bfc062723c751e8b465ee728b)
Start importing Assets/LocationBasedAssets/Utility/Mapbox/Resources/MapboxPin.prefab using Guid(748e2c1db1257594bb438fbb7bd185f0) Importer(815301076,1909f56bfc062723c751e8b465ee728b)  -> (artifact id: '8aa0c3f40f4807703fc5cf0a917d93f8') in 0.935112 seconds 
  Import took 0.982686 seconds .

========================================================================
Received Import Request.
  Time since last request: 0.000288 seconds.
  path: Assets/LocationBasedAssets/Utility/Mapbox/Prefabs/Player.prefab
  artifactKey: Guid(18593aeac18474b49bebac9e072ef2ab) Importer(815301076,1909f56bfc062723c751e8b465ee728b)
Start importing Assets/LocationBasedAssets/Utility/Mapbox/Prefabs/Player.prefab using Guid(18593aeac18474b49bebac9e072ef2ab) Importer(815301076,1909f56bfc062723c751e8b465ee728b)  -> (artifact id: 'd0f0c19e47ac289c06484648ed06bafc') in 0.063633 seconds 
  Import took 0.150145 seconds .

========================================================================
Received Import Request.
  Time since last request: 0.000247 seconds.
  path: Assets/TurnBasedAssets/Prefabs/Abilities/Magic/Poison1.prefab
  artifactKey: Guid(fe4e1a12dd1ca0d4cb43a0f16282a2a3) Importer(815301076,1909f56bfc062723c751e8b465ee728b)
Start importing Assets/TurnBasedAssets/Prefabs/Abilities/Magic/Poison1.prefab using Guid(fe4e1a12dd1ca0d4cb43a0f16282a2a3) Importer(815301076,1909f56bfc062723c751e8b465ee728b)  -> (artifact id: 'eaf305c21eadc71d7d789c451cb469c1') in 0.040893 seconds 
  Import took 0.476267 seconds .

========================================================================
Received Import Request.
  Time since last request: 0.000246 seconds.
  path: Assets/LocationBasedAssets/Utility/Mapbox/Examples/Resources/rotatedPin.prefab
  artifactKey: Guid(71b3f24e777144169adb9853fc5cde6b) Importer(815301076,1909f56bfc062723c751e8b465ee728b)
Start importing Assets/LocationBasedAssets/Utility/Mapbox/Examples/Resources/rotatedPin.prefab using Guid(71b3f24e777144169adb9853fc5cde6b) Importer(815301076,1909f56bfc062723c751e8b465ee728b)  -> (artifact id: 'c09cf4b163e904bbf44a0efe547c1b79') in 0.211647 seconds 
  Import took 0.283619 seconds .

========================================================================
Received Import Request.
  Time since last request: 0.000201 seconds.
  path: Assets/LocationBasedAssets/Utility/Mapbox/Examples/8_VoxelMap/Prefabs/Voxels/Sand.prefab
  artifactKey: Guid(14cd476dd6ad643c98df122c3491e379) Importer(815301076,1909f56bfc062723c751e8b465ee728b)
Start importing Assets/LocationBasedAssets/Utility/Mapbox/Examples/8_VoxelMap/Prefabs/Voxels/Sand.prefab using Guid(14cd476dd6ad643c98df122c3491e379) Importer(815301076,1909f56bfc062723c751e8b465ee728b)  -> (artifact id: '1cdfd09ba2c41247d125a88b833b558e') in 0.269278 seconds 
  Import took 0.377887 seconds .

========================================================================
Received Import Request.
  Time since last request: 0.000239 seconds.
  path: Assets/LocationBasedAssets/Utility/Mapbox/Examples/Prefabs/ReloadMapCanvas.prefab
  artifactKey: Guid(00f5bf1ff996842fc82384f8f686fda6) Importer(815301076,1909f56bfc062723c751e8b465ee728b)
Start importing Assets/LocationBasedAssets/Utility/Mapbox/Examples/Prefabs/ReloadMapCanvas.prefab using Guid(00f5bf1ff996842fc82384f8f686fda6) Importer(815301076,1909f56bfc062723c751e8b465ee728b)  -> (artifact id: '96b6bd13e2cfeb7f14c2d16e259ece6d') in 0.348268 seconds 
  Import took 0.450640 seconds .

========================================================================
Received Import Request.
  Time since last request: 0.000287 seconds.
  path: Assets/LocationBasedAssets/Utility/Mapbox/Examples/Resources/MapboxPin.prefab
  artifactKey: Guid(5bcb8afe019d04efc83e86f56b198ce0) Importer(815301076,1909f56bfc062723c751e8b465ee728b)
Start importing Assets/LocationBasedAssets/Utility/Mapbox/Examples/Resources/MapboxPin.prefab using Guid(5bcb8afe019d04efc83e86f56b198ce0) Importer(815301076,1909f56bfc062723c751e8b465ee728b)  -> (artifact id: '44e74e3a636dae12f86160eeeb4d0712') in 0.150428 seconds 
  Import took 0.231803 seconds .

========================================================================
Received Import Request.
  Time since last request: 0.000325 seconds.
  path: Assets/LocationBasedAssets/Utility/Mapbox/Examples/1_DataExplorer/Modules/MotorwayJunctionLayer/PointPrefab.prefab
  artifactKey: Guid(cef2154b086ac7244b859a4cb18fe659) Importer(815301076,1909f56bfc062723c751e8b465ee728b)
Start importing Assets/LocationBasedAssets/Utility/Mapbox/Examples/1_DataExplorer/Modules/MotorwayJunctionLayer/PointPrefab.prefab using Guid(cef2154b086ac7244b859a4cb18fe659) Importer(815301076,1909f56bfc062723c751e8b465ee728b)  -> (artifact id: 'a7e0496ed2cc920e814f38fc2d7eb25d') in 0.141226 seconds 
  Import took 0.197039 seconds .

========================================================================
Received Import Request.
  Time since last request: 0.000312 seconds.
  path: Assets/LocationBasedAssets/Utility/Mapbox/Examples/2_AstronautGame/AstronautGame/Road/RoadSlice.prefab
  artifactKey: Guid(a89fda20d92b63e46ab2900a8e978041) Importer(815301076,1909f56bfc062723c751e8b465ee728b)
Start importing Assets/LocationBasedAssets/Utility/Mapbox/Examples/2_AstronautGame/AstronautGame/Road/RoadSlice.prefab using Guid(a89fda20d92b63e46ab2900a8e978041) Importer(815301076,1909f56bfc062723c751e8b465ee728b)  -> (artifact id: '5072f13e06bfa32484dd21418cf41a44') in 0.050787 seconds 
  Import took 0.085481 seconds .

========================================================================
Received Import Request.
  Time since last request: 0.000358 seconds.
  path: Assets/LocationBasedAssets/Utility/Mapbox/Resources/HeroStructures/Prefabs/OneWorldTradeCenter.prefab
  artifactKey: Guid(23006cc4ad4e90e47a00d5e992fa9c9e) Importer(815301076,1909f56bfc062723c751e8b465ee728b)
Start importing Assets/LocationBasedAssets/Utility/Mapbox/Resources/HeroStructures/Prefabs/OneWorldTradeCenter.prefab using Guid(23006cc4ad4e90e47a00d5e992fa9c9e) Importer(815301076,1909f56bfc062723c751e8b465ee728b)  -> (artifact id: 'fd9853384e8931f1c536fb77a016c13e') in 0.161204 seconds 
  Import took 0.200714 seconds .

========================================================================
Received Import Request.
  Time since last request: 0.000301 seconds.
  path: Assets/LocationBasedAssets/Utility/Mapbox/Examples/3_POIPlacement/Resources/OutdoorPoiLabelPrefab.prefab
  artifactKey: Guid(b0e54a880e97f4c5ead7dcc1c0918e05) Importer(815301076,1909f56bfc062723c751e8b465ee728b)
Start importing Assets/LocationBasedAssets/Utility/Mapbox/Examples/3_POIPlacement/Resources/OutdoorPoiLabelPrefab.prefab using Guid(b0e54a880e97f4c5ead7dcc1c0918e05) Importer(815301076,1909f56bfc062723c751e8b465ee728b)  -> (artifact id: '494c4fbe399ac95f943d7100999fc921') in 0.134932 seconds 
  Import took 0.195826 seconds .

========================================================================
Received Import Request.
  Time since last request: 0.000311 seconds.
  path: Assets/LocationBasedAssets/Utility/Mapbox/Resources/HeroStructures/Prefabs/SalesForceTower.prefab
  artifactKey: Guid(8c4fae6310db68849ad95d5e92cd30fe) Importer(815301076,1909f56bfc062723c751e8b465ee728b)
Start importing Assets/LocationBasedAssets/Utility/Mapbox/Resources/HeroStructures/Prefabs/SalesForceTower.prefab using Guid(8c4fae6310db68849ad95d5e92cd30fe) Importer(815301076,1909f56bfc062723c751e8b465ee728b)  -> (artifact id: '2dc9ce6df4d6e5fe0e6bac5c1b529dc9') in 0.042915 seconds 
  Import took 0.083942 seconds .

========================================================================
Received Import Request.
  Time since last request: 0.000283 seconds.
  path: Assets/LocationBasedAssets/Utility/Mapbox/Examples/Resources/Pin.prefab
  artifactKey: Guid(8f623e0b3327a1b4bbee73a6363ad280) Importer(815301076,1909f56bfc062723c751e8b465ee728b)
Start importing Assets/LocationBasedAssets/Utility/Mapbox/Examples/Resources/Pin.prefab using Guid(8f623e0b3327a1b4bbee73a6363ad280) Importer(815301076,1909f56bfc062723c751e8b465ee728b)  -> (artifact id: '727b070ac20f0b92ce9f67e23ebfdfba') in 0.012257 seconds 
  Import took 0.077549 seconds .

========================================================================
Received Import Request.
  Time since last request: 0.000334 seconds.
  path: Assets/LocationBasedAssets/Utility/Mapbox/Examples/3_POIPlacement/Resources/NightlifePoiLabelPrefab.prefab
  artifactKey: Guid(61bcd2d324dd34bb9b722d856749c28c) Importer(815301076,1909f56bfc062723c751e8b465ee728b)
Start importing Assets/LocationBasedAssets/Utility/Mapbox/Examples/3_POIPlacement/Resources/NightlifePoiLabelPrefab.prefab using Guid(61bcd2d324dd34bb9b722d856749c28c) Importer(815301076,1909f56bfc062723c751e8b465ee728b)  -> (artifact id: '3ddebb19743ea7b04425273c28eb1f79') in 0.135852 seconds 
  Import took 0.180430 seconds .

========================================================================
Received Import Request.
  Time since last request: 0.000326 seconds.
  path: Assets/LocationBasedAssets/Utility/Mapbox/Examples/Prefabs/ReloadMapIconicBuildingCanvas.prefab
  artifactKey: Guid(aaa51caf037dd4424bab8d45ef3be316) Importer(815301076,1909f56bfc062723c751e8b465ee728b)
Start importing Assets/LocationBasedAssets/Utility/Mapbox/Examples/Prefabs/ReloadMapIconicBuildingCanvas.prefab using Guid(aaa51caf037dd4424bab8d45ef3be316) Importer(815301076,1909f56bfc062723c751e8b465ee728b)  -> (artifact id: '72c93b1dca24a1d2cd2393d6a1dde045') in 0.050074 seconds 
  Import took 0.062625 seconds .

========================================================================
Received Import Request.
  Time since last request: 4.815238 seconds.
  path: Assets/LocationBasedAssets/Utility/Mapbox/Examples/8_VoxelMap/Models/Sand.fbx
  artifactKey: Guid(49926f3dcc5b34f4c91252d7401f3e66) Importer(815301076,1909f56bfc062723c751e8b465ee728b)
Start importing Assets/LocationBasedAssets/Utility/Mapbox/Examples/8_VoxelMap/Models/Sand.fbx using Guid(49926f3dcc5b34f4c91252d7401f3e66) Importer(815301076,1909f56bfc062723c751e8b465ee728b)  -> (artifact id: 'a6437fefb280b0b56b4ea7e87f84208f') in 0.091650 seconds 
  Import took 0.153361 seconds .

========================================================================
Received Import Request.
  Time since last request: 0.000331 seconds.
  path: Assets/LocationBasedAssets/Utility/Mapbox/Examples/3_POIPlacement/Resources/ServicePoiLabelPrefab.prefab
  artifactKey: Guid(60a41cfc23d514878814f0d425912eff) Importer(815301076,1909f56bfc062723c751e8b465ee728b)
Start importing Assets/LocationBasedAssets/Utility/Mapbox/Examples/3_POIPlacement/Resources/ServicePoiLabelPrefab.prefab using Guid(60a41cfc23d514878814f0d425912eff) Importer(815301076,1909f56bfc062723c751e8b465ee728b)  -> (artifact id: 'bc79ce7989b9bebb665e79b7e9637512') in 0.209565 seconds 
  Import took 0.236440 seconds .

========================================================================
Received Import Request.
  Time since last request: 0.000267 seconds.
  path: Assets/LocationBasedAssets/Utility/Mapbox/Resources/HeroStructures/Prefabs/StatueofLiberty.prefab
  artifactKey: Guid(810c08d90875e4d2cab1a96f8a2edba4) Importer(815301076,1909f56bfc062723c751e8b465ee728b)
Start importing Assets/LocationBasedAssets/Utility/Mapbox/Resources/HeroStructures/Prefabs/StatueofLiberty.prefab using Guid(810c08d90875e4d2cab1a96f8a2edba4) Importer(815301076,1909f56bfc062723c751e8b465ee728b)  -> (artifact id: 'dd6f5c202a2ab0187f84c386a54ddc86') in 0.112566 seconds 
  Import took 0.147214 seconds .

========================================================================
Received Import Request.
  Time since last request: 0.000325 seconds.
  path: Assets/LocationBasedAssets/Utility/Mapbox/Examples/Resources/Selector.prefab
  artifactKey: Guid(0f2328827ebdbc1419707178041b852b) Importer(815301076,1909f56bfc062723c751e8b465ee728b)
Start importing Assets/LocationBasedAssets/Utility/Mapbox/Examples/Resources/Selector.prefab using Guid(0f2328827ebdbc1419707178041b852b) Importer(815301076,1909f56bfc062723c751e8b465ee728b)  -> (artifact id: '8ab6af7b129b3476037c3010eb8d9d7d') in 0.055184 seconds 
  Import took 0.066277 seconds .

========================================================================
Received Import Request.
  Time since last request: 0.000283 seconds.
  path: Assets/LocationBasedAssets/Utility/Mapbox/Examples/8_VoxelMap/Prefabs/Voxels/Snow.prefab
  artifactKey: Guid(08a5c81e68c344101b7d6dfa2d4518d9) Importer(815301076,1909f56bfc062723c751e8b465ee728b)
Start importing Assets/LocationBasedAssets/Utility/Mapbox/Examples/8_VoxelMap/Prefabs/Voxels/Snow.prefab using Guid(08a5c81e68c344101b7d6dfa2d4518d9) Importer(815301076,1909f56bfc062723c751e8b465ee728b)  -> (artifact id: 'b4328593fc1370a48da3d20a4e9b8ecb') in 0.062535 seconds 
  Import took 0.088000 seconds .

========================================================================
Received Import Request.
  Time since last request: 0.000331 seconds.
  path: Assets/LocationBasedAssets/Utility/Mapbox/Examples/3_POIPlacement/Resources/ShopPoiLabelPrefab.prefab
  artifactKey: Guid(49bc5d782d9184533a37abea20ed30e4) Importer(815301076,1909f56bfc062723c751e8b465ee728b)
Start importing Assets/LocationBasedAssets/Utility/Mapbox/Examples/3_POIPlacement/Resources/ShopPoiLabelPrefab.prefab using Guid(49bc5d782d9184533a37abea20ed30e4) Importer(815301076,1909f56bfc062723c751e8b465ee728b)  -> (artifact id: 'abcaab670c250e744710e64744cb9329') in 0.054944 seconds 
  Import took 0.091437 seconds .

========================================================================
Received Import Request.
  Time since last request: 0.000286 seconds.
  path: Assets/TurnBasedAssets/Prefabs/GUI/TargetButton.prefab
  artifactKey: Guid(3e11abc5082bb9f48b179502e8473ad3) Importer(815301076,1909f56bfc062723c751e8b465ee728b)
Start importing Assets/TurnBasedAssets/Prefabs/GUI/TargetButton.prefab using Guid(3e11abc5082bb9f48b179502e8473ad3) Importer(815301076,1909f56bfc062723c751e8b465ee728b)  -> (artifact id: '9fc3f2de263bc91f52619f857f46471a') in 0.089560 seconds 
  Import took 0.113705 seconds .

========================================================================
Received Import Request.
  Time since last request: 0.000284 seconds.
  path: Assets/LocationBasedAssets/Utility/Mapbox/Examples/8_VoxelMap/Prefabs/Voxels/Stone.prefab
  artifactKey: Guid(a09bf619783d54820b0a4ffa05a96046) Importer(815301076,1909f56bfc062723c751e8b465ee728b)
Start importing Assets/LocationBasedAssets/Utility/Mapbox/Examples/8_VoxelMap/Prefabs/Voxels/Stone.prefab using Guid(a09bf619783d54820b0a4ffa05a96046) Importer(815301076,1909f56bfc062723c751e8b465ee728b)  -> (artifact id: 'c297191122aec8a923ee560428e5b773') in 0.318507 seconds 
  Import took 0.355597 seconds .

========================================================================
Received Import Request.
  Time since last request: 0.000253 seconds.
  path: Assets/TurnBasedAssets/Prefabs/Abilities/Melee/SlashAbility.prefab
  artifactKey: Guid(602437dcc2e5b654881ef503448037a8) Importer(815301076,1909f56bfc062723c751e8b465ee728b)
Start importing Assets/TurnBasedAssets/Prefabs/Abilities/Melee/SlashAbility.prefab using Guid(602437dcc2e5b654881ef503448037a8) Importer(815301076,1909f56bfc062723c751e8b465ee728b)  -> (artifact id: '9d48f30f7930e21c1a90339bcef4f9e3') in 0.028138 seconds 
  Import took 0.073527 seconds .

========================================================================
Received Import Request.
  Time since last request: 9.610990 seconds.
  path: Assets/LocationBasedAssets/Utility/Mapbox/Prefabs
  artifactKey: Guid(0db425f244af04bc9a710f6886a34403) Importer(815301076,1909f56bfc062723c751e8b465ee728b)
Start importing Assets/LocationBasedAssets/Utility/Mapbox/Prefabs using Guid(0db425f244af04bc9a710f6886a34403) Importer(815301076,1909f56bfc062723c751e8b465ee728b)  -> (artifact id: 'a5e7e303afec99168cfeb22a012bcd5c') in 0.032159 seconds 
  Import took 0.065496 seconds .

========================================================================
Received Prepare
Refreshing native plugins compatible for Editor in 2756.73 ms, found 5 plugins.
Preloading 0 native plugins for Editor in 0.00 ms.
Unloading 121 Unused Serialized files (Serialized files now loaded: 0)
System memory in use before: 123.1 MB.
System memory in use after: 122.8 MB.

Unloading 125 unused Assets to reduce memory usage. Loaded Objects now: 6098.
Total: 10.036000 ms (FindLiveObjects: 0.708800 ms CreateObjectMapping: 0.397900 ms MarkObjects: 8.396800 ms  DeleteObjects: 0.530800 ms)

AssetImportParameters requested are different than current active one (requested -> active):
  custom:framework-win-MediaFoundation: 216162199b28c13a410421893ffa2e32 -> 
  custom:video-decoder-ogg-theora: a1e56fd34408186e4bbccfd4996cb3dc -> 
  custom:container-muxer-webm: aa71ff27fc2769a1b78a27578f13a17b -> 
  custom:container-demuxer-webm: 4f35f7cbe854078d1ac9338744f61a02 -> 
  custom:container-demuxer-ogg: 62fdf1f143b41e24485cea50d1cbac27 -> 
  custom:video-encoder-webm-vp8: eb34c28f22e8b96e1ab97ce403110664 -> 
  custom:video-decoder-webm-vp8: 9c59270c3fd7afecdb556c50c9e8de78 -> 
  custom:audio-decoder-ogg-vorbis: bf7c407c2cedff20999df2af8eb42d56 -> 
  custom:audio-encoder-webm-vorbis: bf7c407c2cedff20999df2af8eb42d56 -> 
========================================================================
Received Prepare
Registering precompiled user dll's ...
Registered in 0.899983 seconds.
Begin MonoManager ReloadAssembly
Native extension for WindowsStandalone target not found
Refreshing native plugins compatible for Editor in 2.56 ms, found 5 plugins.
Preloading 0 native plugins for Editor in 0.00 ms.
Mono: successfully reloaded assembly
- Completed reload, in 24.425 seconds
Domain Reload Profiling:
	ReloadAssembly (24640ms)
		BeginReloadAssembly (18326ms)
			ExecutionOrderSort (0ms)
			DisableScriptedObjects (1875ms)
			BackupInstance (0ms)
			ReleaseScriptingObjects (0ms)
			CreateAndSetChildDomain (12192ms)
		EndReloadAssembly (5883ms)
			LoadAssemblies (298ms)
			RebuildTransferFunctionScriptingTraits (0ms)
			SetupTypeCache (3869ms)
			ReleaseScriptCaches (25ms)
			RebuildScriptCaches (61ms)
			SetupLoadedEditorAssemblies (882ms)
				LogAssemblyErrors (0ms)
				InitializePlatformSupportModulesInManaged (22ms)
				SetLoadedEditorAssemblies (1ms)
				RefreshPlugins (3ms)
				BeforeProcessingInitializeOnLoad (311ms)
				ProcessInitializeOnLoadAttributes (491ms)
				ProcessInitializeOnLoadMethodAttributes (22ms)
				AfterProcessingInitializeOnLoad (32ms)
				EditorAssembliesLoaded (0ms)
			ExecutionOrderSort2 (0ms)
			AwakeInstancesAfterBackupRestoration (18ms)
Platform modules already initialized, skipping
Switching build target platform(19) subTarget(0) extendedPlatform(0) -> platform(13) subTarget(589824) extendedPlatform(0)
Refreshing native plugins compatible for Editor in 2.22 ms, found 5 plugins.
Preloading 0 native plugins for Editor in 0.00 ms.
Unloading 5421 Unused Serialized files (Serialized files now loaded: 0)
System memory in use before: 225.9 MB.
System memory in use after: 225.6 MB.

Unloading 125 unused Assets to reduce memory usage. Loaded Objects now: 6074.
Total: 6.496900 ms (FindLiveObjects: 0.958700 ms CreateObjectMapping: 0.676200 ms MarkObjects: 4.420100 ms  DeleteObjects: 0.439900 ms)

AssetImportParameters requested are different than current active one (requested -> active):
  custom:framework-win-MediaFoundation: 216162199b28c13a410421893ffa2e32 -> 
  custom:video-decoder-ogg-theora: a1e56fd34408186e4bbccfd4996cb3dc -> 
  custom:container-muxer-webm: aa71ff27fc2769a1b78a27578f13a17b -> 
  custom:container-demuxer-webm: 4f35f7cbe854078d1ac9338744f61a02 -> 
  custom:container-demuxer-ogg: 62fdf1f143b41e24485cea50d1cbac27 -> 
  custom:video-encoder-webm-vp8: eb34c28f22e8b96e1ab97ce403110664 -> 
  custom:video-decoder-webm-vp8: 9c59270c3fd7afecdb556c50c9e8de78 -> 
  custom:graphics/normal-map-encoding: 01000000000000000000000000000000 -> 02000000000000000000000000000000
  custom:audio-decoder-ogg-vorbis: bf7c407c2cedff20999df2af8eb42d56 -> 
  custom:audio-encoder-webm-vorbis: bf7c407c2cedff20999df2af8eb42d56 -> 
